{"numTotalTestSuites":78,"numPassedTestSuites":76,"numFailedTestSuites":2,"numPendingTestSuites":0,"numTotalTests":338,"numPassedTests":337,"numFailedTests":1,"numPendingTests":0,"numTodoTests":0,"snapshot":{"added":0,"failure":false,"filesAdded":0,"filesRemoved":0,"filesRemovedList":[],"filesUnmatched":0,"filesUpdated":0,"matched":0,"total":0,"unchecked":0,"uncheckedKeysByFile":[],"unmatched":0,"updated":0,"didUpdate":false},"startTime":1789407242349,"success":false,"testResults":[{"assertionResults":[{"ancestorTitles":["MainPage — home plano de estudos (T7)"],"fullName":"MainPage — home plano de estudos (T7) T7.1: aluno zerado mostra o empty state e esconde streak, domínio e pendências","status":"passed","title":"T7.1: aluno zerado mostra o empty state e esconde streak, domínio e pendências","duration":191.8725000000004,"failureMessages":[],"meta":{},"tags":[]},{"ancestorTitles":["MainPage — home plano de estudos (T7)"],"fullName":"MainPage — home plano de estudos (T7) T7.2: due_count somado > 0 mostra o item de flashcards com o total; soma 0 esconde","status":"passed","title":"T7.2: due_count somado > 0 mostra o item de flashcards com o total; soma 0 esconde","duration":161.11359999999968,"failureMessages":[],"meta":{},"tags":[]},{"ancestorTitles":["MainPage — home plano de estudos (T7)"],"fullName":"MainPage — home plano de estudos (T7) T7.3: cota esgotada desabilita os cards de recomendação","status":"passed","title":"T7.3: cota esgotada desabilita os cards de recomendação","duration":122.57799999999952,"failureMessages":[],"meta":{},"tags":[]},{"ancestorTitles":["MainPage — home plano de estudos (T7)"],"fullName":"MainPage — home plano de estudos (T7) T7.4: com WEEKLY_SUMMARY_ENABLED = true a home busca e mostra o resumo da semana","status":"passed","title":"T7.4: com WEEKLY_SUMMARY_ENABLED = true a home busca e mostra o resumo da semana","duration":91.9978000000001,"failureMessages":[],"meta":{},"tags":[]},{"ancestorTitles":["MainPage — home plano de estudos (T7)"],"fullName":"MainPage — home plano de estudos (T7) T7.4b: resumo vazio (semana sem atividade ou backend desligado) não renderiza o card","status":"passed","title":"T7.4b: resumo vazio (semana sem atividade ou backend desligado) não renderiza o card","duration":65.70640000000003,"failureMessages":[],"meta":{},"tags":[]},{"ancestorTitles":["MainPage — home plano de estudos (T7)"],"fullName":"MainPage — home plano de estudos (T7) T7.4c: especialidade fraca com simulado pronto navega direto para execução","status":"passed","title":"T7.4c: especialidade fraca com simulado pronto navega direto para execução","duration":440.7357999999995,"failureMessages":[],"meta":{},"tags":[]},{"ancestorTitles":["MainPage — home plano de estudos (T7)"],"fullName":"MainPage — home plano de estudos (T7) T7.4d: sem simulado pronto abre criação já filtrada pela especialidade fraca","status":"passed","title":"T7.4d: sem simulado pronto abre criação já filtrada pela especialidade fraca","duration":297.58550000000014,"failureMessages":[],"meta":{},"tags":[]},{"ancestorTitles":["MainPage — home plano de estudos (T7)"],"fullName":"MainPage — home plano de estudos (T7) T7.5: nenhum bloco \"Retomar\" ou anel de progresso no DOM (SPEC-014 não existe ainda)","status":"passed","title":"T7.5: nenhum bloco \"Retomar\" ou anel de progresso no DOM (SPEC-014 não existe ainda)","duration":72.71029999999973,"failureMessages":[],"meta":{},"tags":[]},{"ancestorTitles":["MainPage — home plano de estudos (T7)"],"fullName":"MainPage — home plano de estudos (T7) T7.6: barras de progresso expõem role progressbar com aria-valuenow correto","status":"passed","title":"T7.6: barras de progresso expõem role progressbar com aria-valuenow correto","duration":96.96669999999995,"failureMessages":[],"meta":{},"tags":[]},{"ancestorTitles":["MainPage — home plano de estudos (T7)"],"fullName":"MainPage — home plano de estudos (T7) T7.8: perfil SOAP aparece com ≥3 tentativas avaliadas e some abaixo disso","status":"passed","title":"T7.8: perfil SOAP aparece com ≥3 tentativas avaliadas e some abaixo disso","duration":138.75690000000031,"failureMessages":[],"meta":{},"tags":[]},{"ancestorTitles":["MainPage — home plano de estudos (T7)"],"fullName":"MainPage — home plano de estudos (T7) T7.9: perfil sem soap_profile (backend antigo/tentativas pré-migration) não quebra a home","status":"passed","title":"T7.9: perfil sem soap_profile (backend antigo/tentativas pré-migration) não quebra a home","duration":105.90610000000015,"failureMessages":[],"meta":{},"tags":[]},{"ancestorTitles":["MainPage — home plano de estudos (T7)"],"fullName":"MainPage — home plano de estudos (T7) T7.7: em en não aparece texto pt-BR nos blocos novos","status":"passed","title":"T7.7: em en não aparece texto pt-BR nos blocos novos","duration":96.86549999999988,"failureMessages":[],"meta":{},"tags":[]}],"startTime":1789407247835,"endTime":1789407249717.8655,"status":"passed","message":"","name":"C:/Users/luizf/Desktop/anamnes.ia-Simulados/anamnes.ia-Simulados/frontend/anamnes-ia/src/app/MainPage.home.test.tsx"},{"assertionResults":[{"ancestorTitles":["ThemeProvider — sincronização de idioma (T12)"],"fullName":"ThemeProvider — sincronização de idioma (T12) perfil prevalece sobre localStorage no login e sincroniza i18next + <html lang>","status":"passed","title":"perfil prevalece sobre localStorage no login e sincroniza i18next + <html lang>","duration":50.79320000000007,"failureMessages":[],"meta":{},"tags":[]},{"ancestorTitles":["ThemeProvider — sincronização de idioma (T12)"],"fullName":"ThemeProvider — sincronização de idioma (T12) usa localStorage quando não há idioma de perfil","status":"passed","title":"usa localStorage quando não há idioma de perfil","duration":16.949499999999716,"failureMessages":[],"meta":{},"tags":[]}],"startTime":1789407247204,"endTime":1789407247271.9495,"status":"passed","message":"","name":"C:/Users/luizf/Desktop/anamnes.ia-Simulados/anamnes.ia-Simulados/frontend/anamnes-ia/src/core/components/ThemeProvider.i18n.test.tsx"},{"assertionResults":[{"ancestorTitles":["fallback visível em vez de vazio (RF6)"],"fullName":"fallback visível em vez de vazio (RF6) a instância declara returnEmptyString: false","status":"passed","title":"a instância declara returnEmptyString: false","duration":1.3816000000001623,"failureMessages":[],"meta":{},"tags":[]},{"ancestorTitles":["fallback visível em vez de vazio (RF6)"],"fullName":"fallback visível em vez de vazio (RF6) #10 chave vazia em ru cai no fallback pt-BR em vez de renderizar \"\"","status":"passed","title":"#10 chave vazia em ru cai no fallback pt-BR em vez de renderizar \"\"","duration":2.3968999999997322,"failureMessages":[],"meta":{},"tags":[]},{"ancestorTitles":["fallback visível em vez de vazio (RF6)"],"fullName":"fallback visível em vez de vazio (RF6) tradução preenchida em ru continua vencendo o fallback","status":"passed","title":"tradução preenchida em ru continua vencendo o fallback","duration":0.5057000000001608,"failureMessages":[],"meta":{},"tags":[]}],"startTime":1789407250627,"endTime":1789407250631.5056,"status":"passed","message":"","name":"C:/Users/luizf/Desktop/anamnes.ia-Simulados/anamnes.ia-Simulados/frontend/anamnes-ia/src/core/i18n/config.test.ts"},{"assertionResults":[{"ancestorTitles":["CSV roundtrip (T9)"],"fullName":"CSV roundtrip (T9) flatten/unflatten são inversos","status":"passed","title":"flatten/unflatten são inversos","duration":3.0361999999995533,"failureMessages":[],"meta":{},"tags":[]},{"ancestorTitles":["CSV roundtrip (T9)"],"fullName":"CSV roundtrip (T9) parseCsv é inverso de toCsv (inclui vírgulas, aspas e quebras de linha)","status":"passed","title":"parseCsv é inverso de toCsv (inclui vírgulas, aspas e quebras de linha)","duration":0.7788000000000466,"failureMessages":[],"meta":{},"tags":[]},{"ancestorTitles":["CSV roundtrip (T9)"],"fullName":"CSV roundtrip (T9) dicts → CSV → dicts reconstrói os dicionários originais","status":"passed","title":"dicts → CSV → dicts reconstrói os dicionários originais","duration":5.417699999999968,"failureMessages":[],"meta":{},"tags":[]},{"ancestorTitles":["CSV roundtrip (T9)"],"fullName":"CSV roundtrip (T9) editar um valor no CSV reflete só naquela chave","status":"passed","title":"editar um valor no CSV reflete só naquela chave","duration":1.7994999999991705,"failureMessages":[],"meta":{},"tags":[]},{"ancestorTitles":["SPEC-009 — ferramental CSV recortável"],"fullName":"SPEC-009 — ferramental CSV recortável #1 export inclui days_few que só existe em ru, agrupado após a chave-base","status":"passed","title":"#1 export inclui days_few que só existe em ru, agrupado após a chave-base","duration":0.6322000000000116,"failureMessages":[],"meta":{},"tags":[]},{"ancestorTitles":["SPEC-009 — ferramental CSV recortável"],"fullName":"SPEC-009 — ferramental CSV recortável #2 roundtrip preserva days_few presente só em ru","status":"passed","title":"#2 roundtrip preserva days_few presente só em ru","duration":0.48800000000028376,"failureMessages":[],"meta":{},"tags":[]},{"ancestorTitles":["SPEC-009 — ferramental CSV recortável"],"fullName":"SPEC-009 — ferramental CSV recortável #3 célula vazia no import não altera a chave existente","status":"passed","title":"#3 célula vazia no import não altera a chave existente","duration":0.27220000000033906,"failureMessages":[],"meta":{},"tags":[]},{"ancestorTitles":["SPEC-009 — ferramental CSV recortável"],"fullName":"SPEC-009 — ferramental CSV recortável #4 colunas reordenadas no CSV são lidas corretamente pelo header","status":"passed","title":"#4 colunas reordenadas no CSV são lidas corretamente pelo header","duration":0.26199999999971624,"failureMessages":[],"meta":{},"tags":[]},{"ancestorTitles":["SPEC-009 — ferramental CSV recortável"],"fullName":"SPEC-009 — ferramental CSV recortável #5 coluna ref:pt-BR editada pelo revisor é ignorada no import","status":"passed","title":"#5 coluna ref:pt-BR editada pelo revisor é ignorada no import","duration":0.3121000000001004,"failureMessages":[],"meta":{},"tags":[]},{"ancestorTitles":["SPEC-009 — ferramental CSV recortável"],"fullName":"SPEC-009 — ferramental CSV recortável #6 CSV recortado (--ns chat) não apaga o namespace admin existente","status":"passed","title":"#6 CSV recortado (--ns chat) não apaga o namespace admin existente","duration":0.24639999999999418,"failureMessages":[],"meta":{},"tags":[]},{"ancestorTitles":["SPEC-009 — ferramental CSV recortável"],"fullName":"SPEC-009 — ferramental CSV recortável #7 linha ausente do CSV preserva a chave em existingDicts","status":"passed","title":"#7 linha ausente do CSV preserva a chave em existingDicts","duration":0.1592000000000553,"failureMessages":[],"meta":{},"tags":[]},{"ancestorTitles":["SPEC-009 — ferramental CSV recortável"],"fullName":"SPEC-009 — ferramental CSV recortável #8 <DELETE> sem allowDelete gera erro de validação e não altera nada","status":"passed","title":"#8 <DELETE> sem allowDelete gera erro de validação e não altera nada","duration":0.6333999999997104,"failureMessages":[],"meta":{},"tags":[]},{"ancestorTitles":["SPEC-009 — ferramental CSV recortável"],"fullName":"SPEC-009 — ferramental CSV recortável #8b <DELETE> com allowDelete remove a chave","status":"passed","title":"#8b <DELETE> com allowDelete remove a chave","duration":0.18429999999989377,"failureMessages":[],"meta":{},"tags":[]},{"ancestorTitles":["SPEC-009 — ferramental CSV recortável"],"fullName":"SPEC-009 — ferramental CSV recortável #9 tradução sem {{count}} presente no pt-BR aborta com erro","status":"passed","title":"#9 tradução sem {{count}} presente no pt-BR aborta com erro","duration":0.5613000000003012,"failureMessages":[],"meta":{},"tags":[]},{"ancestorTitles":["SPEC-009 — ferramental CSV recortável"],"fullName":"SPEC-009 — ferramental CSV recortável #10 dicionário com array aborta o export com o caminho da chave","status":"passed","title":"#10 dicionário com array aborta o export com o caminho da chave","duration":1.2250999999996566,"failureMessages":[],"meta":{},"tags":[]},{"ancestorTitles":["SPEC-009 — ferramental CSV recortável"],"fullName":"SPEC-009 — ferramental CSV recortável #11 dois exports seguidos produzem CSV idêntico","status":"passed","title":"#11 dois exports seguidos produzem CSV idêntico","duration":1.7273999999997613,"failureMessages":[],"meta":{},"tags":[]},{"ancestorTitles":["SPEC-009 — ferramental CSV recortável"],"fullName":"SPEC-009 — ferramental CSV recortável #12 roundtrip com BOM/CRLF/; preserva acentos e cirílico","status":"passed","title":"#12 roundtrip com BOM/CRLF/; preserva acentos e cirílico","duration":0.5588000000007014,"failureMessages":[],"meta":{},"tags":[]},{"ancestorTitles":["SPEC-009 — ferramental CSV recortável"],"fullName":"SPEC-009 — ferramental CSV recortável #13 parseCsv detecta separador , mesmo quando o default é ;","status":"passed","title":"#13 parseCsv detecta separador , mesmo quando o default é ;","duration":0.2699000000002343,"failureMessages":[],"meta":{},"tags":[]},{"ancestorTitles":["SPEC-009 — ferramental CSV recortável"],"fullName":"SPEC-009 — ferramental CSV recortável #14 texto iniciado por = é escapado no export e restaurado no import","status":"passed","title":"#14 texto iniciado por = é escapado no export e restaurado no import","duration":0.5826000000006388,"failureMessages":[],"meta":{},"tags":[]},{"ancestorTitles":["SPEC-009 — ferramental CSV recortável"],"fullName":"SPEC-009 — ferramental CSV recortável #15 namespace inexistente (typo) gera erro com a lista de válidos","status":"passed","title":"#15 namespace inexistente (typo) gera erro com a lista de válidos","duration":0.30929999999989377,"failureMessages":[],"meta":{},"tags":[]},{"ancestorTitles":["SPEC-009 — ferramental CSV recortável"],"fullName":"SPEC-009 — ferramental CSV recortável #16 erro durante a escrita não deixa nenhum idioma parcialmente gravado","status":"passed","title":"#16 erro durante a escrita não deixa nenhum idioma parcialmente gravado","duration":6.213800000000447,"failureMessages":[],"meta":{},"tags":[]},{"ancestorTitles":["SPEC-009 — recorte, relatório e simetria"],"fullName":"SPEC-009 — recorte, relatório e simetria --todo exporta apenas as pendências do idioma-alvo","status":"passed","title":"--todo exporta apenas as pendências do idioma-alvo","duration":0.40279999999984284,"failureMessages":[],"meta":{},"tags":[]},{"ancestorTitles":["SPEC-009 — recorte, relatório e simetria"],"fullName":"SPEC-009 — recorte, relatório e simetria --todo inclui chave ausente no idioma-alvo","status":"passed","title":"--todo inclui chave ausente no idioma-alvo","duration":0.16280000000006112,"failureMessages":[],"meta":{},"tags":[]},{"ancestorTitles":["SPEC-009 — recorte, relatório e simetria"],"fullName":"SPEC-009 — recorte, relatório e simetria export com --lang ru inclui pt-BR como coluna ref:pt-BR","status":"passed","title":"export com --lang ru inclui pt-BR como coluna ref:pt-BR","duration":0.10099999999965803,"failureMessages":[],"meta":{},"tags":[]},{"ancestorTitles":["SPEC-009 — recorte, relatório e simetria"],"fullName":"SPEC-009 — recorte, relatório e simetria export com --ns chat não inclui linhas de admin","status":"passed","title":"export com --ns chat não inclui linhas de admin","duration":0.09580000000005384,"failureMessages":[],"meta":{},"tags":[]},{"ancestorTitles":["SPEC-009 — recorte, relatório e simetria"],"fullName":"SPEC-009 — recorte, relatório e simetria validateImport devolve o relatório com as contagens do RF7","status":"passed","title":"validateImport devolve o relatório com as contagens do RF7","duration":0.19840000000021973,"failureMessages":[],"meta":{},"tags":[]},{"ancestorTitles":["SPEC-009 — recorte, relatório e simetria"],"fullName":"SPEC-009 — recorte, relatório e simetria header com coluna desconhecida gera erro listando os idiomas esperados","status":"passed","title":"header com coluna desconhecida gera erro listando os idiomas esperados","duration":0.1540000000004511,"failureMessages":[],"meta":{},"tags":[]},{"ancestorTitles":["SPEC-009 — recorte, relatório e simetria"],"fullName":"SPEC-009 — recorte, relatório e simetria header sem a coluna key gera erro","status":"passed","title":"header sem a coluna key gera erro","duration":0.08489999999983411,"failureMessages":[],"meta":{},"tags":[]},{"ancestorTitles":["SPEC-009 — recorte, relatório e simetria"],"fullName":"SPEC-009 — recorte, relatório e simetria escape/unescape de fórmula é simétrico, inclusive para texto que já começa com apóstrofo","status":"passed","title":"escape/unescape de fórmula é simétrico, inclusive para texto que já começa com apóstrofo","duration":0.1904000000004089,"failureMessages":[],"meta":{},"tags":[]},{"ancestorTitles":["SPEC-009 — recorte, relatório e simetria"],"fullName":"SPEC-009 — recorte, relatório e simetria a ordem do export não depende da ordem das chaves no dicionário de origem","status":"passed","title":"a ordem do export não depende da ordem das chaves no dicionário de origem","duration":0.1485000000002401,"failureMessages":[],"meta":{},"tags":[]},{"ancestorTitles":["SPEC-009 §11 — colunas de contexto e revisão"],"fullName":"SPEC-009 §11 — colunas de contexto e revisão adiciona a coluna context como somente-leitura, após key","status":"passed","title":"adiciona a coluna context como somente-leitura, após key","duration":0.16709999999966385,"failureMessages":[],"meta":{},"tags":[]},{"ancestorTitles":["SPEC-009 §11 — colunas de contexto e revisão"],"fullName":"SPEC-009 §11 — colunas de contexto e revisão emite uma coluna status por idioma editável e a preenche com a marca atual","status":"passed","title":"emite uma coluna status por idioma editável e a preenche com a marca atual","duration":0.14400000000023283,"failureMessages":[],"meta":{},"tags":[]},{"ancestorTitles":["SPEC-009 §11 — colunas de contexto e revisão"],"fullName":"SPEC-009 §11 — colunas de contexto e revisão o import é merge: célula vazia preserva a marca anterior","status":"passed","title":"o import é merge: célula vazia preserva a marca anterior","duration":0.1379000000006272,"failureMessages":[],"meta":{},"tags":[]},{"ancestorTitles":["SPEC-009 §11 — colunas de contexto e revisão"],"fullName":"SPEC-009 §11 — colunas de contexto e revisão \"-\" apaga a marca da célula","status":"passed","title":"\"-\" apaga a marca da célula","duration":0.08770000000004075,"failureMessages":[],"meta":{},"tags":[]},{"ancestorTitles":["SPEC-009 §11 — colunas de contexto e revisão"],"fullName":"SPEC-009 §11 — colunas de contexto e revisão marca de revisão não vaza para os dicionários","status":"passed","title":"marca de revisão não vaza para os dicionários","duration":0.13259999999991123,"failureMessages":[],"meta":{},"tags":[]},{"ancestorTitles":["SPEC-009 §11 — colunas de contexto e revisão"],"fullName":"SPEC-009 §11 — colunas de contexto e revisão context e status:<lang> são colunas conhecidas — não viram erro de header","status":"passed","title":"context e status:<lang> são colunas conhecidas — não viram erro de header","duration":0.21489999999994325,"failureMessages":[],"meta":{},"tags":[]},{"ancestorTitles":["SPEC-009 §11 — colunas de contexto e revisão"],"fullName":"SPEC-009 §11 — colunas de contexto e revisão status de idioma inexistente é erro de header","status":"passed","title":"status de idioma inexistente é erro de header","duration":0.10829999999987194,"failureMessages":[],"meta":{},"tags":[]}],"startTime":1789407246884,"endTime":1789407246913.2148,"status":"passed","message":"","name":"C:/Users/luizf/Desktop/anamnes.ia-Simulados/anamnes.ia-Simulados/frontend/anamnes-ia/src/core/i18n/csv.test.ts"},{"assertionResults":[{"ancestorTitles":["paridade de dicionários por chave-base (T8 / RF4)"],"fullName":"paridade de dicionários por chave-base (T8 / RF4) namespace \"common\" tem as mesmas chaves-base em pt-BR/en/es/ru","status":"passed","title":"namespace \"common\" tem as mesmas chaves-base em pt-BR/en/es/ru","duration":6.148299999999836,"failureMessages":[],"meta":{},"tags":[]},{"ancestorTitles":["paridade de dicionários por chave-base (T8 / RF4)"],"fullName":"paridade de dicionários por chave-base (T8 / RF4) namespace \"auth\" tem as mesmas chaves-base em pt-BR/en/es/ru","status":"passed","title":"namespace \"auth\" tem as mesmas chaves-base em pt-BR/en/es/ru","duration":0.9235000000007858,"failureMessages":[],"meta":{},"tags":[]},{"ancestorTitles":["paridade de dicionários por chave-base (T8 / RF4)"],"fullName":"paridade de dicionários por chave-base (T8 / RF4) namespace \"case\" tem as mesmas chaves-base em pt-BR/en/es/ru","status":"passed","title":"namespace \"case\" tem as mesmas chaves-base em pt-BR/en/es/ru","duration":0.6980000000003201,"failureMessages":[],"meta":{},"tags":[]},{"ancestorTitles":["paridade de dicionários por chave-base (T8 / RF4)"],"fullName":"paridade de dicionários por chave-base (T8 / RF4) namespace \"profile\" tem as mesmas chaves-base em pt-BR/en/es/ru","status":"passed","title":"namespace \"profile\" tem as mesmas chaves-base em pt-BR/en/es/ru","duration":1.4002000000000407,"failureMessages":[],"meta":{},"tags":[]},{"ancestorTitles":["paridade de dicionários por chave-base (T8 / RF4)"],"fullName":"paridade de dicionários por chave-base (T8 / RF4) namespace \"chat\" tem as mesmas chaves-base em pt-BR/en/es/ru","status":"passed","title":"namespace \"chat\" tem as mesmas chaves-base em pt-BR/en/es/ru","duration":0.9207999999998719,"failureMessages":[],"meta":{},"tags":[]},{"ancestorTitles":["paridade de dicionários por chave-base (T8 / RF4)"],"fullName":"paridade de dicionários por chave-base (T8 / RF4) namespace \"student\" tem as mesmas chaves-base em pt-BR/en/es/ru","status":"passed","title":"namespace \"student\" tem as mesmas chaves-base em pt-BR/en/es/ru","duration":1.0707000000002154,"failureMessages":[],"meta":{},"tags":[]},{"ancestorTitles":["paridade de dicionários por chave-base (T8 / RF4)"],"fullName":"paridade de dicionários por chave-base (T8 / RF4) namespace \"navigator\" tem as mesmas chaves-base em pt-BR/en/es/ru","status":"passed","title":"namespace \"navigator\" tem as mesmas chaves-base em pt-BR/en/es/ru","duration":0.339999999999236,"failureMessages":[],"meta":{},"tags":[]},{"ancestorTitles":["paridade de dicionários por chave-base (T8 / RF4)"],"fullName":"paridade de dicionários por chave-base (T8 / RF4) namespace \"teacher\" tem as mesmas chaves-base em pt-BR/en/es/ru","status":"passed","title":"namespace \"teacher\" tem as mesmas chaves-base em pt-BR/en/es/ru","duration":2.7181999999993423,"failureMessages":[],"meta":{},"tags":[]},{"ancestorTitles":["paridade de dicionários por chave-base (T8 / RF4)"],"fullName":"paridade de dicionários por chave-base (T8 / RF4) namespace \"settings\" tem as mesmas chaves-base em pt-BR/en/es/ru","status":"passed","title":"namespace \"settings\" tem as mesmas chaves-base em pt-BR/en/es/ru","duration":0.7367000000003827,"failureMessages":[],"meta":{},"tags":[]},{"ancestorTitles":["paridade de dicionários por chave-base (T8 / RF4)"],"fullName":"paridade de dicionários por chave-base (T8 / RF4) namespace \"flashcards\" tem as mesmas chaves-base em pt-BR/en/es/ru","status":"passed","title":"namespace \"flashcards\" tem as mesmas chaves-base em pt-BR/en/es/ru","duration":0.7665999999999258,"failureMessages":[],"meta":{},"tags":[]},{"ancestorTitles":["paridade de dicionários por chave-base (T8 / RF4)"],"fullName":"paridade de dicionários por chave-base (T8 / RF4) namespace \"admin\" tem as mesmas chaves-base em pt-BR/en/es/ru","status":"passed","title":"namespace \"admin\" tem as mesmas chaves-base em pt-BR/en/es/ru","duration":2.673200000000179,"failureMessages":[],"meta":{},"tags":[]},{"ancestorTitles":["paridade de dicionários por chave-base (T8 / RF4)"],"fullName":"paridade de dicionários por chave-base (T8 / RF4) #4 ru com _one/_few/_many/_other e pt-BR com _one/_other não é divergência","status":"passed","title":"#4 ru com _one/_few/_many/_other e pt-BR com _one/_other não é divergência","duration":0.27070000000003347,"failureMessages":[],"meta":{},"tags":[]},{"ancestorTitles":["paridade de dicionários por chave-base (T8 / RF4)"],"fullName":"paridade de dicionários por chave-base (T8 / RF4) #7 chave-base ausente em en continua sendo divergência","status":"passed","title":"#7 chave-base ausente em en continua sendo divergência","duration":0.18919999999980064,"failureMessages":[],"meta":{},"tags":[]},{"ancestorTitles":["paridade de dicionários por chave-base (T8 / RF4)"],"fullName":"paridade de dicionários por chave-base (T8 / RF4) #8 chave órfã em en é acusada como extra","status":"passed","title":"#8 chave órfã em en é acusada como extra","duration":0.2294000000001688,"failureMessages":[],"meta":{},"tags":[]},{"ancestorTitles":["formas plurais dos dicionários (RF5)"],"fullName":"formas plurais dos dicionários (RF5) pt-BR/common usa as formas plurais válidas do idioma","status":"passed","title":"pt-BR/common usa as formas plurais válidas do idioma","duration":1.6158999999997832,"failureMessages":[],"meta":{},"tags":[]},{"ancestorTitles":["formas plurais dos dicionários (RF5)"],"fullName":"formas plurais dos dicionários (RF5) en/common usa as formas plurais válidas do idioma","status":"passed","title":"en/common usa as formas plurais válidas do idioma","duration":0.7478999999993903,"failureMessages":[],"meta":{},"tags":[]},{"ancestorTitles":["formas plurais dos dicionários (RF5)"],"fullName":"formas plurais dos dicionários (RF5) es/common usa as formas plurais válidas do idioma","status":"passed","title":"es/common usa as formas plurais válidas do idioma","duration":0.7723000000005413,"failureMessages":[],"meta":{},"tags":[]},{"ancestorTitles":["formas plurais dos dicionários (RF5)"],"fullName":"formas plurais dos dicionários (RF5) ru/common usa as formas plurais válidas do idioma","status":"passed","title":"ru/common usa as formas plurais válidas do idioma","duration":0.676300000000083,"failureMessages":[],"meta":{},"tags":[]},{"ancestorTitles":["formas plurais dos dicionários (RF5)"],"fullName":"formas plurais dos dicionários (RF5) pt-BR/auth usa as formas plurais válidas do idioma","status":"passed","title":"pt-BR/auth usa as formas plurais válidas do idioma","duration":0.47299999999995634,"failureMessages":[],"meta":{},"tags":[]},{"ancestorTitles":["formas plurais dos dicionários (RF5)"],"fullName":"formas plurais dos dicionários (RF5) en/auth usa as formas plurais válidas do idioma","status":"passed","title":"en/auth usa as formas plurais válidas do idioma","duration":0.4386999999996988,"failureMessages":[],"meta":{},"tags":[]},{"ancestorTitles":["formas plurais dos dicionários (RF5)"],"fullName":"formas plurais dos dicionários (RF5) es/auth usa as formas plurais válidas do idioma","status":"passed","title":"es/auth usa as formas plurais válidas do idioma","duration":0.44730000000072323,"failureMessages":[],"meta":{},"tags":[]},{"ancestorTitles":["formas plurais dos dicionários (RF5)"],"fullName":"formas plurais dos dicionários (RF5) ru/auth usa as formas plurais válidas do idioma","status":"passed","title":"ru/auth usa as formas plurais válidas do idioma","duration":0.4448000000002139,"failureMessages":[],"meta":{},"tags":[]},{"ancestorTitles":["formas plurais dos dicionários (RF5)"],"fullName":"formas plurais dos dicionários (RF5) pt-BR/case usa as formas plurais válidas do idioma","status":"passed","title":"pt-BR/case usa as formas plurais válidas do idioma","duration":0.4295000000001892,"failureMessages":[],"meta":{},"tags":[]},{"ancestorTitles":["formas plurais dos dicionários (RF5)"],"fullName":"formas plurais dos dicionários (RF5) en/case usa as formas plurais válidas do idioma","status":"passed","title":"en/case usa as formas plurais válidas do idioma","duration":0.39760000000023865,"failureMessages":[],"meta":{},"tags":[]},{"ancestorTitles":["formas plurais dos dicionários (RF5)"],"fullName":"formas plurais dos dicionários (RF5) es/case usa as formas plurais válidas do idioma","status":"passed","title":"es/case usa as formas plurais válidas do idioma","duration":0.44879999999920983,"failureMessages":[],"meta":{},"tags":[]},{"ancestorTitles":["formas plurais dos dicionários (RF5)"],"fullName":"formas plurais dos dicionários (RF5) ru/case usa as formas plurais válidas do idioma","status":"passed","title":"ru/case usa as formas plurais válidas do idioma","duration":0.4926999999997861,"failureMessages":[],"meta":{},"tags":[]},{"ancestorTitles":["formas plurais dos dicionários (RF5)"],"fullName":"formas plurais dos dicionários (RF5) pt-BR/profile usa as formas plurais válidas do idioma","status":"passed","title":"pt-BR/profile usa as formas plurais válidas do idioma","duration":0.5006000000003041,"failureMessages":[],"meta":{},"tags":[]},{"ancestorTitles":["formas plurais dos dicionários (RF5)"],"fullName":"formas plurais dos dicionários (RF5) en/profile usa as formas plurais válidas do idioma","status":"passed","title":"en/profile usa as formas plurais válidas do idioma","duration":0.42840000000069267,"failureMessages":[],"meta":{},"tags":[]},{"ancestorTitles":["formas plurais dos dicionários (RF5)"],"fullName":"formas plurais dos dicionários (RF5) es/profile usa as formas plurais válidas do idioma","status":"passed","title":"es/profile usa as formas plurais válidas do idioma","duration":0.4209000000000742,"failureMessages":[],"meta":{},"tags":[]},{"ancestorTitles":["formas plurais dos dicionários (RF5)"],"fullName":"formas plurais dos dicionários (RF5) ru/profile usa as formas plurais válidas do idioma","status":"passed","title":"ru/profile usa as formas plurais válidas do idioma","duration":0.319100000000617,"failureMessages":[],"meta":{},"tags":[]},{"ancestorTitles":["formas plurais dos dicionários (RF5)"],"fullName":"formas plurais dos dicionários (RF5) pt-BR/chat usa as formas plurais válidas do idioma","status":"passed","title":"pt-BR/chat usa as formas plurais válidas do idioma","duration":0.582300000000032,"failureMessages":[],"meta":{},"tags":[]},{"ancestorTitles":["formas plurais dos dicionários (RF5)"],"fullName":"formas plurais dos dicionários (RF5) en/chat usa as formas plurais válidas do idioma","status":"passed","title":"en/chat usa as formas plurais válidas do idioma","duration":0.4996000000001004,"failureMessages":[],"meta":{},"tags":[]},{"ancestorTitles":["formas plurais dos dicionários (RF5)"],"fullName":"formas plurais dos dicionários (RF5) es/chat usa as formas plurais válidas do idioma","status":"passed","title":"es/chat usa as formas plurais válidas do idioma","duration":0.4855999999999767,"failureMessages":[],"meta":{},"tags":[]},{"ancestorTitles":["formas plurais dos dicionários (RF5)"],"fullName":"formas plurais dos dicionários (RF5) ru/chat usa as formas plurais válidas do idioma","status":"passed","title":"ru/chat usa as formas plurais válidas do idioma","duration":0.6638000000002648,"failureMessages":[],"meta":{},"tags":[]},{"ancestorTitles":["formas plurais dos dicionários (RF5)"],"fullName":"formas plurais dos dicionários (RF5) pt-BR/student usa as formas plurais válidas do idioma","status":"passed","title":"pt-BR/student usa as formas plurais válidas do idioma","duration":0.5429000000003725,"failureMessages":[],"meta":{},"tags":[]},{"ancestorTitles":["formas plurais dos dicionários (RF5)"],"fullName":"formas plurais dos dicionários (RF5) en/student usa as formas plurais válidas do idioma","status":"passed","title":"en/student usa as formas plurais válidas do idioma","duration":0.4598999999998341,"failureMessages":[],"meta":{},"tags":[]},{"ancestorTitles":["formas plurais dos dicionários (RF5)"],"fullName":"formas plurais dos dicionários (RF5) es/student usa as formas plurais válidas do idioma","status":"passed","title":"es/student usa as formas plurais válidas do idioma","duration":0.5298000000002503,"failureMessages":[],"meta":{},"tags":[]},{"ancestorTitles":["formas plurais dos dicionários (RF5)"],"fullName":"formas plurais dos dicionários (RF5) ru/student usa as formas plurais válidas do idioma","status":"passed","title":"ru/student usa as formas plurais válidas do idioma","duration":0.4875000000001819,"failureMessages":[],"meta":{},"tags":[]},{"ancestorTitles":["formas plurais dos dicionários (RF5)"],"fullName":"formas plurais dos dicionários (RF5) pt-BR/navigator usa as formas plurais válidas do idioma","status":"passed","title":"pt-BR/navigator usa as formas plurais válidas do idioma","duration":0.37409999999999854,"failureMessages":[],"meta":{},"tags":[]},{"ancestorTitles":["formas plurais dos dicionários (RF5)"],"fullName":"formas plurais dos dicionários (RF5) en/navigator usa as formas plurais válidas do idioma","status":"passed","title":"en/navigator usa as formas plurais válidas do idioma","duration":0.30860000000029686,"failureMessages":[],"meta":{},"tags":[]},{"ancestorTitles":["formas plurais dos dicionários (RF5)"],"fullName":"formas plurais dos dicionários (RF5) es/navigator usa as formas plurais válidas do idioma","status":"passed","title":"es/navigator usa as formas plurais válidas do idioma","duration":0.3627999999998792,"failureMessages":[],"meta":{},"tags":[]},{"ancestorTitles":["formas plurais dos dicionários (RF5)"],"fullName":"formas plurais dos dicionários (RF5) ru/navigator usa as formas plurais válidas do idioma","status":"passed","title":"ru/navigator usa as formas plurais válidas do idioma","duration":0.6412000000000262,"failureMessages":[],"meta":{},"tags":[]},{"ancestorTitles":["formas plurais dos dicionários (RF5)"],"fullName":"formas plurais dos dicionários (RF5) pt-BR/teacher usa as formas plurais válidas do idioma","status":"passed","title":"pt-BR/teacher usa as formas plurais válidas do idioma","duration":0.7795999999998457,"failureMessages":[],"meta":{},"tags":[]},{"ancestorTitles":["formas plurais dos dicionários (RF5)"],"fullName":"formas plurais dos dicionários (RF5) en/teacher usa as formas plurais válidas do idioma","status":"passed","title":"en/teacher usa as formas plurais válidas do idioma","duration":0.610700000000179,"failureMessages":[],"meta":{},"tags":[]},{"ancestorTitles":["formas plurais dos dicionários (RF5)"],"fullName":"formas plurais dos dicionários (RF5) es/teacher usa as formas plurais válidas do idioma","status":"passed","title":"es/teacher usa as formas plurais válidas do idioma","duration":0.6091000000005806,"failureMessages":[],"meta":{},"tags":[]},{"ancestorTitles":["formas plurais dos dicionários (RF5)"],"fullName":"formas plurais dos dicionários (RF5) ru/teacher usa as formas plurais válidas do idioma","status":"passed","title":"ru/teacher usa as formas plurais válidas do idioma","duration":0.5988999999999578,"failureMessages":[],"meta":{},"tags":[]},{"ancestorTitles":["formas plurais dos dicionários (RF5)"],"fullName":"formas plurais dos dicionários (RF5) pt-BR/settings usa as formas plurais válidas do idioma","status":"passed","title":"pt-BR/settings usa as formas plurais válidas do idioma","duration":0.42409999999927095,"failureMessages":[],"meta":{},"tags":[]},{"ancestorTitles":["formas plurais dos dicionários (RF5)"],"fullName":"formas plurais dos dicionários (RF5) en/settings usa as formas plurais válidas do idioma","status":"passed","title":"en/settings usa as formas plurais válidas do idioma","duration":0.3867000000000189,"failureMessages":[],"meta":{},"tags":[]},{"ancestorTitles":["formas plurais dos dicionários (RF5)"],"fullName":"formas plurais dos dicionários (RF5) es/settings usa as formas plurais válidas do idioma","status":"passed","title":"es/settings usa as formas plurais válidas do idioma","duration":0.42990000000008877,"failureMessages":[],"meta":{},"tags":[]},{"ancestorTitles":["formas plurais dos dicionários (RF5)"],"fullName":"formas plurais dos dicionários (RF5) ru/settings usa as formas plurais válidas do idioma","status":"passed","title":"ru/settings usa as formas plurais válidas do idioma","duration":0.3878999999997177,"failureMessages":[],"meta":{},"tags":[]},{"ancestorTitles":["formas plurais dos dicionários (RF5)"],"fullName":"formas plurais dos dicionários (RF5) pt-BR/flashcards usa as formas plurais válidas do idioma","status":"passed","title":"pt-BR/flashcards usa as formas plurais válidas do idioma","duration":0.3807999999999083,"failureMessages":[],"meta":{},"tags":[]},{"ancestorTitles":["formas plurais dos dicionários (RF5)"],"fullName":"formas plurais dos dicionários (RF5) en/flashcards usa as formas plurais válidas do idioma","status":"passed","title":"en/flashcards usa as formas plurais válidas do idioma","duration":0.35129999999935535,"failureMessages":[],"meta":{},"tags":[]},{"ancestorTitles":["formas plurais dos dicionários (RF5)"],"fullName":"formas plurais dos dicionários (RF5) es/flashcards usa as formas plurais válidas do idioma","status":"passed","title":"es/flashcards usa as formas plurais válidas do idioma","duration":0.39840000000003783,"failureMessages":[],"meta":{},"tags":[]},{"ancestorTitles":["formas plurais dos dicionários (RF5)"],"fullName":"formas plurais dos dicionários (RF5) ru/flashcards usa as formas plurais válidas do idioma","status":"passed","title":"ru/flashcards usa as formas plurais válidas do idioma","duration":0.40049999999973807,"failureMessages":[],"meta":{},"tags":[]},{"ancestorTitles":["formas plurais dos dicionários (RF5)"],"fullName":"formas plurais dos dicionários (RF5) pt-BR/admin usa as formas plurais válidas do idioma","status":"passed","title":"pt-BR/admin usa as formas plurais válidas do idioma","duration":0.5514000000002852,"failureMessages":[],"meta":{},"tags":[]},{"ancestorTitles":["formas plurais dos dicionários (RF5)"],"fullName":"formas plurais dos dicionários (RF5) en/admin usa as formas plurais válidas do idioma","status":"passed","title":"en/admin usa as formas plurais válidas do idioma","duration":0.37409999999999854,"failureMessages":[],"meta":{},"tags":[]},{"ancestorTitles":["formas plurais dos dicionários (RF5)"],"fullName":"formas plurais dos dicionários (RF5) es/admin usa as formas plurais válidas do idioma","status":"passed","title":"es/admin usa as formas plurais válidas do idioma","duration":0.37119999999958964,"failureMessages":[],"meta":{},"tags":[]},{"ancestorTitles":["formas plurais dos dicionários (RF5)"],"fullName":"formas plurais dos dicionários (RF5) ru/admin usa as formas plurais válidas do idioma","status":"passed","title":"ru/admin usa as formas plurais válidas do idioma","duration":0.36119999999937136,"failureMessages":[],"meta":{},"tags":[]},{"ancestorTitles":["formas plurais dos dicionários (RF5)"],"fullName":"formas plurais dos dicionários (RF5) a allowlist está vazia agora que ru foi traduzido (SPEC-008 D4)","status":"passed","title":"a allowlist está vazia agora que ru foi traduzido (SPEC-008 D4)","duration":0.07449999999971624,"failureMessages":[],"meta":{},"tags":[]}],"startTime":1789407247070,"endTime":1789407247112.371,"status":"passed","message":"","name":"C:/Users/luizf/Desktop/anamnes.ia-Simulados/anamnes.ia-Simulados/frontend/anamnes-ia/src/core/i18n/parity.test.ts"},{"assertionResults":[{"ancestorTitles":["chave-base e sufixo (RF4)"],"fullName":"chave-base e sufixo (RF4) remove o sufixo de plural, inclusive _zero","status":"passed","title":"remove o sufixo de plural, inclusive _zero","duration":2.556300000000192,"failureMessages":[],"meta":{},"tags":[]},{"ancestorTitles":["chave-base e sufixo (RF4)"],"fullName":"chave-base e sufixo (RF4) preserva chave sem sufixo de plural","status":"passed","title":"preserva chave sem sufixo de plural","duration":0.2834000000002561,"failureMessages":[],"meta":{},"tags":[]},{"ancestorTitles":["chave-base e sufixo (RF4)"],"fullName":"chave-base e sufixo (RF4) pluralSuffix devolve o sufixo ou null","status":"passed","title":"pluralSuffix devolve o sufixo ou null","duration":0.2948999999998705,"failureMessages":[],"meta":{},"tags":[]},{"ancestorTitles":["chave-base e sufixo (RF4)"],"fullName":"chave-base e sufixo (RF4) PLURAL_SUFFIXES cobre as seis categorias do CLDR","status":"passed","title":"PLURAL_SUFFIXES cobre as seis categorias do CLDR","duration":0.7002999999995154,"failureMessages":[],"meta":{},"tags":[]},{"ancestorTitles":["ambiente (D7)"],"fullName":"ambiente (D7) o Node em uso tem ICU completo (ru declara \"few\")","status":"passed","title":"o Node em uso tem ICU completo (ru declara \"few\")","duration":1.2663000000002285,"failureMessages":[],"meta":{},"tags":[]},{"ancestorTitles":["categorias alcançáveis (RF5b)"],"fullName":"categorias alcançáveis (RF5b) pt-BR e es declaram \"many\" no CLDR mas não o alcançam com inteiros","status":"passed","title":"pt-BR e es declaram \"many\" no CLDR mas não o alcançam com inteiros","duration":1.2975999999998749,"failureMessages":[],"meta":{},"tags":[]},{"ancestorTitles":["categorias alcançáveis (RF5b)"],"fullName":"categorias alcançáveis (RF5b) ru alcança one/few/many por inteiros — \"other\" só em fracionários","status":"passed","title":"ru alcança one/few/many por inteiros — \"other\" só em fracionários","duration":1.5573999999996886,"failureMessages":[],"meta":{},"tags":[]},{"ancestorTitles":["categorias alcançáveis (RF5b)"],"fullName":"categorias alcançáveis (RF5b) cs/sk/lt só alcançam \"many\" com decimais (D9)","status":"passed","title":"cs/sk/lt só alcançam \"many\" com decimais (D9)","duration":8.075400000000627,"failureMessages":[],"meta":{},"tags":[]},{"ancestorTitles":["categorias alcançáveis (RF5b)"],"fullName":"categorias alcançáveis (RF5b) a varredura vai até 200 por padrão e o limite é parametrizável","status":"passed","title":"a varredura vai até 200 por padrão e o limite é parametrizável","duration":1.3919999999998254,"failureMessages":[],"meta":{},"tags":[]},{"ancestorTitles":["categorias alcançáveis (RF5b)"],"fullName":"categorias alcançáveis (RF5b) requiredSuffixes = alcançáveis por inteiros + \"other\" como rede","status":"passed","title":"requiredSuffixes = alcançáveis por inteiros + \"other\" como rede","duration":1.2537999999995009,"failureMessages":[],"meta":{},"tags":[]},{"ancestorTitles":["sufixos permitidos (RF5a)"],"fullName":"sufixos permitidos (RF5a) _zero é permitido em qualquer idioma (D8)","status":"passed","title":"_zero é permitido em qualquer idioma (D8)","duration":0.7156999999997424,"failureMessages":[],"meta":{},"tags":[]},{"ancestorTitles":["sufixos permitidos (RF5a)"],"fullName":"sufixos permitidos (RF5a) pt-BR não permite _few; ru permite","status":"passed","title":"pt-BR não permite _few; ru permite","duration":0.33370000000013533,"failureMessages":[],"meta":{},"tags":[]},{"ancestorTitles":["validatePlurals — tabela §5 da SPEC-008"],"fullName":"validatePlurals — tabela §5 da SPEC-008 #6 pt-BR com _few acusa sufixo inválido","status":"passed","title":"#6 pt-BR com _few acusa sufixo inválido","duration":0.7328999999999724,"failureMessages":[],"meta":{},"tags":[]},{"ancestorTitles":["validatePlurals — tabela §5 da SPEC-008"],"fullName":"validatePlurals — tabela §5 da SPEC-008 #6b pt-BR sem _many passa","status":"passed","title":"#6b pt-BR sem _many passa","duration":0.4193999999997686,"failureMessages":[],"meta":{},"tags":[]},{"ancestorTitles":["validatePlurals — tabela §5 da SPEC-008"],"fullName":"validatePlurals — tabela §5 da SPEC-008 #6c pt-BR com _zero passa","status":"passed","title":"#6c pt-BR com _zero passa","duration":0.27930000000014843,"failureMessages":[],"meta":{},"tags":[]},{"ancestorTitles":["validatePlurals — tabela §5 da SPEC-008"],"fullName":"validatePlurals — tabela §5 da SPEC-008 #5 ru sem _many acusa forma faltando","status":"passed","title":"#5 ru sem _many acusa forma faltando","duration":0.33219999999982974,"failureMessages":[],"meta":{},"tags":[]},{"ancestorTitles":["validatePlurals — tabela §5 da SPEC-008"],"fullName":"validatePlurals — tabela §5 da SPEC-008 ru completo passa","status":"passed","title":"ru completo passa","duration":0.33479999999963184,"failureMessages":[],"meta":{},"tags":[]},{"ancestorTitles":["validatePlurals — tabela §5 da SPEC-008"],"fullName":"validatePlurals — tabela §5 da SPEC-008 #6d ro sem _few acusa forma faltando","status":"passed","title":"#6d ro sem _few acusa forma faltando","duration":0.3815999999997075,"failureMessages":[],"meta":{},"tags":[]},{"ancestorTitles":["validatePlurals — tabela §5 da SPEC-008"],"fullName":"validatePlurals — tabela §5 da SPEC-008 chave sem plural nenhum é ignorada","status":"passed","title":"chave sem plural nenhum é ignorada","duration":0.3908000000001266,"failureMessages":[],"meta":{},"tags":[]},{"ancestorTitles":["validatePlurals — tabela §5 da SPEC-008"],"fullName":"validatePlurals — tabela §5 da SPEC-008 avalia cada chave-base isoladamente","status":"passed","title":"avalia cada chave-base isoladamente","duration":0.39249999999992724,"failureMessages":[],"meta":{},"tags":[]},{"ancestorTitles":["validatePlurals — tabela §5 da SPEC-008"],"fullName":"validatePlurals — tabela §5 da SPEC-008 RF5c fracionários: desligado por padrão, cs exige _many quando ligado","status":"passed","title":"RF5c fracionários: desligado por padrão, cs exige _many quando ligado","duration":0.9600000000000364,"failureMessages":[],"meta":{},"tags":[]},{"ancestorTitles":["_zero em runtime (D8)"],"fullName":"_zero em runtime (D8) item_zero vence para count 0 em pt-BR, idioma sem categoria \"zero\"","status":"passed","title":"item_zero vence para count 0 em pt-BR, idioma sem categoria \"zero\"","duration":8.11489999999958,"failureMessages":[],"meta":{},"tags":[]}],"startTime":1789407246876,"endTime":1789407246909.115,"status":"passed","message":"","name":"C:/Users/luizf/Desktop/anamnes.ia-Simulados/anamnes.ia-Simulados/frontend/anamnes-ia/src/core/i18n/plurals.test.ts"},{"assertionResults":[{"ancestorTitles":["normalizeLocale / resolveLocale (T6)"],"fullName":"normalizeLocale / resolveLocale (T6) mapeia variantes conhecidas","status":"passed","title":"mapeia variantes conhecidas","duration":2.2035000000000764,"failureMessages":[],"meta":{},"tags":[]},{"ancestorTitles":["normalizeLocale / resolveLocale (T6)"],"fullName":"normalizeLocale / resolveLocale (T6) cai no fallback pt-BR para idiomas não suportados","status":"passed","title":"cai no fallback pt-BR para idiomas não suportados","duration":0.35809999999992215,"failureMessages":[],"meta":{},"tags":[]},{"ancestorTitles":["normalizeLocale / resolveLocale (T6)"],"fullName":"normalizeLocale / resolveLocale (T6) normalizeLocale retorna null quando não há correspondência","status":"passed","title":"normalizeLocale retorna null quando não há correspondência","duration":0.3221000000003187,"failureMessages":[],"meta":{},"tags":[]},{"ancestorTitles":["normalizeLocale / resolveLocale (T6)"],"fullName":"normalizeLocale / resolveLocale (T6) não confunde idioma distinto que começa com o mesmo prefixo","status":"passed","title":"não confunde idioma distinto que começa com o mesmo prefixo","duration":0.22810000000026776,"failureMessages":[],"meta":{},"tags":[]},{"ancestorTitles":["normalizeLocale / resolveLocale (T6)"],"fullName":"normalizeLocale / resolveLocale (T6) aceita separador POSIX, espaços e caixa alta","status":"passed","title":"aceita separador POSIX, espaços e caixa alta","duration":0.22399999999970532,"failureMessages":[],"meta":{},"tags":[]},{"ancestorTitles":["normalizeLocale / resolveLocale (T6)"],"fullName":"normalizeLocale / resolveLocale (T6) ignora tags de uso privado e grandfathered irregulares","status":"passed","title":"ignora tags de uso privado e grandfathered irregulares","duration":0.2114000000001397,"failureMessages":[],"meta":{},"tags":[]},{"ancestorTitles":["normalizeLocale / resolveLocale (T6)"],"fullName":"normalizeLocale / resolveLocale (T6) resolve códigos ISO 639 legados para o canônico","status":"passed","title":"resolve códigos ISO 639 legados para o canônico","duration":0.2780000000002474,"failureMessages":[],"meta":{},"tags":[]},{"ancestorTitles":["normalizeLocale / resolveLocale (T6)"],"fullName":"normalizeLocale / resolveLocale (T6) ignora script e região ao casar idioma sem variantes de script","status":"passed","title":"ignora script e região ao casar idioma sem variantes de script","duration":0.31950000000006185,"failureMessages":[],"meta":{},"tags":[]},{"ancestorTitles":["dirFor (SPEC-008 §9.7)"],"fullName":"dirFor (SPEC-008 §9.7) os 4 idiomas suportados são ltr","status":"passed","title":"os 4 idiomas suportados são ltr","duration":0.5453000000002248,"failureMessages":[],"meta":{},"tags":[]},{"ancestorTitles":["dirFor (SPEC-008 §9.7)"],"fullName":"dirFor (SPEC-008 §9.7) reconhece idiomas RTL não suportados hoje","status":"passed","title":"reconhece idiomas RTL não suportados hoje","duration":0.28880000000026484,"failureMessages":[],"meta":{},"tags":[]},{"ancestorTitles":["dirFor (SPEC-008 §9.7)"],"fullName":"dirFor (SPEC-008 §9.7) cai em ltr para entrada vazia ou malformada","status":"passed","title":"cai em ltr para entrada vazia ou malformada","duration":0.20049999999991996,"failureMessages":[],"meta":{},"tags":[]},{"ancestorTitles":["detectInitialLang (T7, T12)"],"fullName":"detectInitialLang (T7, T12) perfil prevalece sobre localStorage e navegador","status":"passed","title":"perfil prevalece sobre localStorage e navegador","duration":0.17689999999993233,"failureMessages":[],"meta":{},"tags":[]},{"ancestorTitles":["detectInitialLang (T7, T12)"],"fullName":"detectInitialLang (T7, T12) localStorage vence o navegador quando não há perfil","status":"passed","title":"localStorage vence o navegador quando não há perfil","duration":0.09530000000040673,"failureMessages":[],"meta":{},"tags":[]},{"ancestorTitles":["detectInitialLang (T7, T12)"],"fullName":"detectInitialLang (T7, T12) usa o navegador quando não há perfil nem localStorage","status":"passed","title":"usa o navegador quando não há perfil nem localStorage","duration":0.08979999999974098,"failureMessages":[],"meta":{},"tags":[]},{"ancestorTitles":["detectInitialLang (T7, T12)"],"fullName":"detectInitialLang (T7, T12) fallback pt-BR quando nada casa","status":"passed","title":"fallback pt-BR quando nada casa","duration":0.08770000000004075,"failureMessages":[],"meta":{},"tags":[]}],"startTime":1789407250111,"endTime":1789407250117.2004,"status":"passed","message":"","name":"C:/Users/luizf/Desktop/anamnes.ia-Simulados/anamnes.ia-Simulados/frontend/anamnes-ia/src/core/i18n/resolveLocale.test.ts"},{"assertionResults":[{"ancestorTitles":["extração de chaves do código"],"fullName":"extração de chaves do código reconhece as formas de chamada usadas no projeto","status":"passed","title":"reconhece as formas de chamada usadas no projeto","duration":3.708599999999933,"failureMessages":[],"meta":{},"tags":[]},{"ancestorTitles":["extração de chaves do código"],"fullName":"extração de chaves do código captura o prefixo estático de chave dinâmica","status":"passed","title":"captura o prefixo estático de chave dinâmica","duration":0.3501000000001113,"failureMessages":[],"meta":{},"tags":[]},{"ancestorTitles":["extração de chaves do código"],"fullName":"extração de chaves do código ignora campo de dado que só termina em Key","status":"passed","title":"ignora campo de dado que só termina em Key","duration":0.3469000000000051,"failureMessages":[],"meta":{},"tags":[]},{"ancestorTitles":["dicionários vs. código"],"fullName":"dicionários vs. código não há chave usada no código e ausente do dicionário","status":"passed","title":"não há chave usada no código e ausente do dicionário","duration":0.5325000000002547,"failureMessages":[],"meta":{},"tags":[]},{"ancestorTitles":["dicionários vs. código"],"fullName":"dicionários vs. código não há chave definida e sem uso (órfã)","status":"passed","title":"não há chave definida e sem uso (órfã)","duration":0.18049999999993815,"failureMessages":[],"meta":{},"tags":[]}],"startTime":1789407250802,"endTime":1789407250807.1804,"status":"passed","message":"","name":"C:/Users/luizf/Desktop/anamnes.ia-Simulados/anamnes.ia-Simulados/frontend/anamnes-ia/src/core/i18n/usage.test.ts"},{"assertionResults":[{"ancestorTitles":["conteúdo das trilhas"],"fullName":"conteúdo das trilhas ecg: metadados coerentes","status":"passed","title":"ecg: metadados coerentes","duration":3.149999999999636,"failureMessages":[],"meta":{},"tags":[]},{"ancestorTitles":["conteúdo das trilhas"],"fullName":"conteúdo das trilhas ecg · ecg-m1: exercícios válidos","status":"passed","title":"ecg · ecg-m1: exercícios válidos","duration":17.991399999999885,"failureMessages":[],"meta":{},"tags":[]},{"ancestorTitles":["conteúdo das trilhas"],"fullName":"conteúdo das trilhas ecg · ecg-m2: exercícios válidos","status":"passed","title":"ecg · ecg-m2: exercícios válidos","duration":18.323300000000017,"failureMessages":[],"meta":{},"tags":[]},{"ancestorTitles":["conteúdo das trilhas"],"fullName":"conteúdo das trilhas ecg · ecg-m3: exercícios válidos","status":"passed","title":"ecg · ecg-m3: exercícios válidos","duration":23.788299999999253,"failureMessages":[],"meta":{},"tags":[]},{"ancestorTitles":["conteúdo das trilhas"],"fullName":"conteúdo das trilhas ecg · ecg-m4: exercícios válidos","status":"passed","title":"ecg · ecg-m4: exercícios válidos","duration":23.69709999999941,"failureMessages":[],"meta":{},"tags":[]},{"ancestorTitles":["conteúdo das trilhas"],"fullName":"conteúdo das trilhas ecg · ecg-m5: exercícios válidos","status":"passed","title":"ecg · ecg-m5: exercícios válidos","duration":22.183100000000195,"failureMessages":[],"meta":{},"tags":[]},{"ancestorTitles":["conteúdo das trilhas"],"fullName":"conteúdo das trilhas ecg · ecg-m6: exercícios válidos","status":"passed","title":"ecg · ecg-m6: exercícios válidos","duration":19.873099999999795,"failureMessages":[],"meta":{},"tags":[]},{"ancestorTitles":["conteúdo das trilhas"],"fullName":"conteúdo das trilhas ecg · ecg-m7: exercícios válidos","status":"passed","title":"ecg · ecg-m7: exercícios válidos","duration":18.597900000000664,"failureMessages":[],"meta":{},"tags":[]},{"ancestorTitles":["conteúdo das trilhas"],"fullName":"conteúdo das trilhas ecg · ecg-m8: exercícios válidos","status":"passed","title":"ecg · ecg-m8: exercícios válidos","duration":26.304799999999886,"failureMessages":[],"meta":{},"tags":[]},{"ancestorTitles":["conteúdo das trilhas"],"fullName":"conteúdo das trilhas radiologia: metadados coerentes","status":"passed","title":"radiologia: metadados coerentes","duration":0.8188000000000102,"failureMessages":[],"meta":{},"tags":[]},{"ancestorTitles":["conteúdo das trilhas"],"fullName":"conteúdo das trilhas radiologia · rx-torax-m1: exercícios válidos","status":"passed","title":"radiologia · rx-torax-m1: exercícios válidos","duration":16.203700000000026,"failureMessages":[],"meta":{},"tags":[]},{"ancestorTitles":["conteúdo das trilhas"],"fullName":"conteúdo das trilhas radiologia · rx-torax-m2: exercícios válidos","status":"passed","title":"radiologia · rx-torax-m2: exercícios válidos","duration":14.376999999999498,"failureMessages":[],"meta":{},"tags":[]},{"ancestorTitles":["conteúdo das trilhas"],"fullName":"conteúdo das trilhas radiologia · rx-torax-m3: exercícios válidos","status":"passed","title":"radiologia · rx-torax-m3: exercícios válidos","duration":11.860499999999774,"failureMessages":[],"meta":{},"tags":[]},{"ancestorTitles":["conteúdo das trilhas"],"fullName":"conteúdo das trilhas radiologia · rx-torax-m4: exercícios válidos","status":"passed","title":"radiologia · rx-torax-m4: exercícios válidos","duration":12.204099999999926,"failureMessages":[],"meta":{},"tags":[]},{"ancestorTitles":["conteúdo das trilhas"],"fullName":"conteúdo das trilhas radiologia · rx-torax-m5: exercícios válidos","status":"passed","title":"radiologia · rx-torax-m5: exercícios válidos","duration":11.719900000000052,"failureMessages":[],"meta":{},"tags":[]},{"ancestorTitles":["conteúdo das trilhas"],"fullName":"conteúdo das trilhas radiologia · rx-frat-m7: exercícios válidos","status":"passed","title":"radiologia · rx-frat-m7: exercícios válidos","duration":36.46739999999954,"failureMessages":[],"meta":{},"tags":[]},{"ancestorTitles":["conteúdo das trilhas"],"fullName":"conteúdo das trilhas radiologia · rx-abd-m8: exercícios válidos","status":"passed","title":"radiologia · rx-abd-m8: exercícios válidos","duration":13.561600000000908,"failureMessages":[],"meta":{},"tags":[]},{"ancestorTitles":["conteúdo das trilhas"],"fullName":"conteúdo das trilhas radiologia · rx-cerv-m9: exercícios válidos","status":"passed","title":"radiologia · rx-cerv-m9: exercícios válidos","duration":15.318900000000212,"failureMessages":[],"meta":{},"tags":[]},{"ancestorTitles":["conteúdo das trilhas"],"fullName":"conteúdo das trilhas radiologia · rx-cran-m10: exercícios válidos","status":"passed","title":"radiologia · rx-cran-m10: exercícios válidos","duration":10.125100000000202,"failureMessages":[],"meta":{},"tags":[]},{"ancestorTitles":["conteúdo das trilhas"],"fullName":"conteúdo das trilhas hemograma: metadados coerentes","status":"passed","title":"hemograma: metadados coerentes","duration":0.40829999999914435,"failureMessages":[],"meta":{},"tags":[]},{"ancestorTitles":["conteúdo das trilhas"],"fullName":"conteúdo das trilhas hemograma · hemo-m1: exercícios válidos","status":"passed","title":"hemograma · hemo-m1: exercícios válidos","duration":10.971700000000055,"failureMessages":[],"meta":{},"tags":[]},{"ancestorTitles":["conteúdo das trilhas"],"fullName":"conteúdo das trilhas hemograma · hemo-m2: exercícios válidos","status":"passed","title":"hemograma · hemo-m2: exercícios válidos","duration":13.556700000000092,"failureMessages":[],"meta":{},"tags":[]},{"ancestorTitles":["conteúdo das trilhas"],"fullName":"conteúdo das trilhas hemograma · hemo-m3: exercícios válidos","status":"passed","title":"hemograma · hemo-m3: exercícios válidos","duration":20.30670000000009,"failureMessages":[],"meta":{},"tags":[]},{"ancestorTitles":["conteúdo das trilhas"],"fullName":"conteúdo das trilhas hemograma · hemo-m4: exercícios válidos","status":"passed","title":"hemograma · hemo-m4: exercícios válidos","duration":11.392700000000332,"failureMessages":[],"meta":{},"tags":[]},{"ancestorTitles":["conteúdo das trilhas"],"fullName":"conteúdo das trilhas hemograma · hemo-m5: exercícios válidos","status":"passed","title":"hemograma · hemo-m5: exercícios válidos","duration":20.61700000000019,"failureMessages":[],"meta":{},"tags":[]},{"ancestorTitles":["conteúdo das trilhas"],"fullName":"conteúdo das trilhas hemograma · hemo-m6: exercícios válidos","status":"passed","title":"hemograma · hemo-m6: exercícios válidos","duration":12.342399999999543,"failureMessages":[],"meta":{},"tags":[]},{"ancestorTitles":["conteúdo das trilhas"],"fullName":"conteúdo das trilhas hemograma · hemo-m7: exercícios válidos","status":"passed","title":"hemograma · hemo-m7: exercícios válidos","duration":42.18189999999959,"failureMessages":[],"meta":{},"tags":[]},{"ancestorTitles":["conteúdo das trilhas"],"fullName":"conteúdo das trilhas hemograma · hemo-m8: exercícios válidos","status":"passed","title":"hemograma · hemo-m8: exercícios válidos","duration":11.254100000000108,"failureMessages":[],"meta":{},"tags":[]},{"ancestorTitles":["conteúdo das trilhas"],"fullName":"conteúdo das trilhas sinais-vitais: metadados coerentes","status":"passed","title":"sinais-vitais: metadados coerentes","duration":0.6275000000005093,"failureMessages":[],"meta":{},"tags":[]},{"ancestorTitles":["conteúdo das trilhas"],"fullName":"conteúdo das trilhas sinais-vitais · sv-m1: exercícios válidos","status":"passed","title":"sinais-vitais · sv-m1: exercícios válidos","duration":417.5032999999994,"failureMessages":[],"meta":{},"tags":[]},{"ancestorTitles":["conteúdo das trilhas"],"fullName":"conteúdo das trilhas sinais-vitais · sv-m2: exercícios válidos","status":"passed","title":"sinais-vitais · sv-m2: exercícios válidos","duration":66.01089999999931,"failureMessages":[],"meta":{},"tags":[]},{"ancestorTitles":["conteúdo das trilhas"],"fullName":"conteúdo das trilhas sinais-vitais · sv-m3: exercícios válidos","status":"passed","title":"sinais-vitais · sv-m3: exercícios válidos","duration":21.349500000000262,"failureMessages":[],"meta":{},"tags":[]},{"ancestorTitles":["SM-2"],"fullName":"SM-2 acerto rápido vale mais que acerto hesitante ou com dica","status":"passed","title":"acerto rápido vale mais que acerto hesitante ou com dica","duration":0.5958000000000538,"failureMessages":[],"meta":{},"tags":[]},{"ancestorTitles":["SM-2"],"fullName":"SM-2 intervalo cresce a cada acerto consecutivo","status":"passed","title":"intervalo cresce a cada acerto consecutivo","duration":0.8519999999998618,"failureMessages":[],"meta":{},"tags":[]},{"ancestorTitles":["SM-2"],"fullName":"SM-2 erro reinicia o intervalo e conta lapso","status":"passed","title":"erro reinicia o intervalo e conta lapso","duration":0.35459999999966385,"failureMessages":[],"meta":{},"tags":[]},{"ancestorTitles":["SM-2"],"fullName":"SM-2 facilidade nunca cai abaixo do piso","status":"passed","title":"facilidade nunca cai abaixo do piso","duration":0.28800000000046566,"failureMessages":[],"meta":{},"tags":[]},{"ancestorTitles":["SM-2"],"fullName":"SM-2 a fila de revisão traz só o que já venceu, do mais atrasado","status":"passed","title":"a fila de revisão traz só o que já venceu, do mais atrasado","duration":12.275499999999738,"failureMessages":[],"meta":{},"tags":[]},{"ancestorTitles":["fluxo da lição"],"fullName":"fluxo da lição carrega a lição sob demanda e só habilita \"Verificar\" após responder","status":"passed","title":"carrega a lição sob demanda e só habilita \"Verificar\" após responder","duration":229.5673999999999,"failureMessages":[],"meta":{},"tags":[]},{"ancestorTitles":["fluxo da lição"],"fullName":"fluxo da lição mostra o resultado errado e trava a resposta","status":"passed","title":"mostra o resultado errado e trava a resposta","duration":207.09850000000006,"failureMessages":[],"meta":{},"tags":[]},{"ancestorTitles":["fluxo da lição"],"fullName":"fluxo da lição conclui a lição inteira, grava XP, ofensiva e agenda a revisão","status":"passed","title":"conclui a lição inteira, grava XP, ofensiva e agenda a revisão","duration":2439.9326999999994,"failureMessages":[],"meta":{},"tags":[]},{"ancestorTitles":["sessão de revisão"],"fullName":"sessão de revisão avisa quando não há nada vencido","status":"passed","title":"avisa quando não há nada vencido","duration":13.871300000000701,"failureMessages":[],"meta":{},"tags":[]},{"ancestorTitles":["sessão de revisão"],"fullName":"sessão de revisão monta a fila com os cartões vencidos daquela trilha e não usa vidas","status":"passed","title":"monta a fila com os cartões vencidos daquela trilha e não usa vidas","duration":17.060999999999694,"failureMessages":[],"meta":{},"tags":[]}],"startTime":1789407247812,"endTime":1789407251700.061,"status":"passed","message":"","name":"C:/Users/luizf/Desktop/anamnes.ia-Simulados/anamnes.ia-Simulados/frontend/anamnes-ia/src/features/trilhas/trilhas.test.tsx"},{"assertionResults":[{"ancestorTitles":["UI compartilhada — i18n (SPEC-007 Fase 1.5)","MainMenu"],"fullName":"UI compartilhada — i18n (SPEC-007 Fase 1.5) MainMenu renderiza os rótulos do menu em pt-BR","status":"passed","title":"renderiza os rótulos do menu em pt-BR","duration":57.414600000000064,"failureMessages":[],"meta":{},"tags":[]},{"ancestorTitles":["UI compartilhada — i18n (SPEC-007 Fase 1.5)","MainMenu"],"fullName":"UI compartilhada — i18n (SPEC-007 Fase 1.5) MainMenu traduz os rótulos ao mudar para inglês","status":"passed","title":"traduz os rótulos ao mudar para inglês","duration":59.635299999999916,"failureMessages":[],"meta":{},"tags":[]},{"ancestorTitles":["UI compartilhada — i18n (SPEC-007 Fase 1.5)","MainMenu"],"fullName":"UI compartilhada — i18n (SPEC-007 Fase 1.5) MainMenu traduz o item de logout em espanhol","status":"passed","title":"traduz o item de logout em espanhol","duration":15.301300000000083,"failureMessages":[],"meta":{},"tags":[]},{"ancestorTitles":["UI compartilhada — i18n (SPEC-007 Fase 1.5)","TipsCarousel"],"fullName":"UI compartilhada — i18n (SPEC-007 Fase 1.5) TipsCarousel renderiza título e dicas em pt-BR","status":"passed","title":"renderiza título e dicas em pt-BR","duration":154.27500000000055,"failureMessages":[],"meta":{},"tags":[]},{"ancestorTitles":["UI compartilhada — i18n (SPEC-007 Fase 1.5)","TipsCarousel"],"fullName":"UI compartilhada — i18n (SPEC-007 Fase 1.5) TipsCarousel traduz título e dicas em inglês","status":"passed","title":"traduz título e dicas em inglês","duration":28.00330000000031,"failureMessages":[],"meta":{},"tags":[]},{"ancestorTitles":["UI compartilhada — i18n (SPEC-007 Fase 1.5)","SoapForm"],"fullName":"UI compartilhada — i18n (SPEC-007 Fase 1.5) SoapForm rotula os quatro campos SOAP em pt-BR","status":"passed","title":"rotula os quatro campos SOAP em pt-BR","duration":27.161200000000463,"failureMessages":[],"meta":{},"tags":[]},{"ancestorTitles":["UI compartilhada — i18n (SPEC-007 Fase 1.5)","SoapForm"],"fullName":"UI compartilhada — i18n (SPEC-007 Fase 1.5) SoapForm traduz rótulos e placeholders em espanhol","status":"passed","title":"traduz rótulos e placeholders em espanhol","duration":23.64799999999923,"failureMessages":[],"meta":{},"tags":[]},{"ancestorTitles":["UI compartilhada — i18n (SPEC-007 Fase 1.5)","SoapForm"],"fullName":"UI compartilhada — i18n (SPEC-007 Fase 1.5) SoapForm a sigla SOAP não é traduzida","status":"passed","title":"a sigla SOAP não é traduzida","duration":33.98019999999997,"failureMessages":[],"meta":{},"tags":[]},{"ancestorTitles":["UI compartilhada — i18n (SPEC-007 Fase 1.5)","specialtyLabel"],"fullName":"UI compartilhada — i18n (SPEC-007 Fase 1.5) specialtyLabel traduz o rótulo mas preserva a chave canônica do banco","status":"passed","title":"traduz o rótulo mas preserva a chave canônica do banco","duration":2.234099999999671,"failureMessages":[],"meta":{},"tags":[]},{"ancestorTitles":["UI compartilhada — i18n (SPEC-007 Fase 1.5)","specialtyLabel"],"fullName":"UI compartilhada — i18n (SPEC-007 Fase 1.5) specialtyLabel resolve aliases legados","status":"passed","title":"resolve aliases legados","duration":0.5891000000001441,"failureMessages":[],"meta":{},"tags":[]},{"ancestorTitles":["UI compartilhada — i18n (SPEC-007 Fase 1.5)","specialtyLabel"],"fullName":"UI compartilhada — i18n (SPEC-007 Fase 1.5) specialtyLabel especialidade fora da lista cai no próprio valor do banco","status":"passed","title":"especialidade fora da lista cai no próprio valor do banco","duration":0.2699000000002343,"failureMessages":[],"meta":{},"tags":[]},{"ancestorTitles":["UI compartilhada — i18n (SPEC-007 Fase 1.5)","specialtyLabel"],"fullName":"UI compartilhada — i18n (SPEC-007 Fase 1.5) specialtyLabel todas as 14 especialidades têm tradução nos três idiomas","status":"passed","title":"todas as 14 especialidades têm tradução nos três idiomas","duration":3.7424000000000888,"failureMessages":[],"meta":{},"tags":[]}],"startTime":1789407248913,"endTime":1789407249319.7424,"status":"passed","message":"","name":"C:/Users/luizf/Desktop/anamnes.ia-Simulados/anamnes.ia-Simulados/frontend/anamnes-ia/src/shared/components/SharedUi.i18n.test.tsx"},{"assertionResults":[{"ancestorTitles":[],"fullName":"includes a manually entered prescription in the submitted SOAP plan","status":"passed","title":"includes a manually entered prescription in the submitted SOAP plan","duration":319.91640000000007,"failureMessages":[],"meta":{},"tags":[]}],"startTime":1789407251059,"endTime":1789407251378.9165,"status":"passed","message":"","name":"C:/Users/luizf/Desktop/anamnes.ia-Simulados/anamnes.ia-Simulados/frontend/anamnes-ia/src/shared/components/SoapForm.integration.test.tsx"},{"assertionResults":[{"ancestorTitles":["AdminPanel navigation"],"fullName":"AdminPanel navigation navega para o banco de questões por uma entrada dedicada, sem transformá-lo em aba interna","status":"passed","title":"navega para o banco de questões por uma entrada dedicada, sem transformá-lo em aba interna","duration":517.3133000000007,"failureMessages":[],"meta":{},"tags":[]}],"startTime":1789407247583,"endTime":1789407248100.3132,"status":"passed","message":"","name":"C:/Users/luizf/Desktop/anamnes.ia-Simulados/anamnes.ia-Simulados/frontend/anamnes-ia/src/features/admin/pages/AdminPanel.navigation.test.tsx"},{"assertionResults":[{"ancestorTitles":["ExamPicker (T11)"],"fullName":"ExamPicker (T11) T11.1 — renderiza os assets elegíveis vindos do service","status":"passed","title":"T11.1 — renderiza os assets elegíveis vindos do service","duration":97.29860000000008,"failureMessages":[],"meta":{},"tags":[]},{"ancestorTitles":["ExamPicker (T11)"],"fullName":"ExamPicker (T11) T11.2 — digitar no campo de busca filtra a lista exibida","status":"passed","title":"T11.2 — digitar no campo de busca filtra a lista exibida","duration":448.39670000000024,"failureMessages":[],"meta":{},"tags":[]},{"ancestorTitles":["ExamPicker (T11)"],"fullName":"ExamPicker (T11) T11.3 — selecionar marca; selecionar de novo desmarca","status":"passed","title":"T11.3 — selecionar marca; selecionar de novo desmarca","duration":192.96849999999995,"failureMessages":[],"meta":{},"tags":[]},{"ancestorTitles":["ExamPicker (T11)"],"fullName":"ExamPicker (T11) T11.4 — no limite, os não selecionados desabilitam e o aviso aparece","status":"passed","title":"T11.4 — no limite, os não selecionados desabilitam e o aviso aparece","duration":33.14570000000003,"failureMessages":[],"meta":{},"tags":[]},{"ancestorTitles":["ExamPicker (T11)"],"fullName":"ExamPicker (T11) T11.5 — salvar entrega os IDs na ordem de seleção","status":"passed","title":"T11.5 — salvar entrega os IDs na ordem de seleção","duration":211.8027000000002,"failureMessages":[],"meta":{},"tags":[]},{"ancestorTitles":["ExamPicker (T11)"],"fullName":"ExamPicker (T11) T11.6 — clicar na miniatura abre o preview e não altera a seleção","status":"passed","title":"T11.6 — clicar na miniatura abre o preview e não altera a seleção","duration":101.96630000000005,"failureMessages":[],"meta":{},"tags":[]},{"ancestorTitles":["ExamPicker (T11)"],"fullName":"ExamPicker (T11) T11.7 — selecionar de dentro do preview marca o item e fecha o modal","status":"passed","title":"T11.7 — selecionar de dentro do preview marca o item e fecha o modal","duration":187.6930000000002,"failureMessages":[],"meta":{},"tags":[]},{"ancestorTitles":["ExamPicker (T11)"],"fullName":"ExamPicker (T11) T11.8 — asset de áudio abre um player, e a miniatura não é imagem","status":"passed","title":"T11.8 — asset de áudio abre um player, e a miniatura não é imagem","duration":116.26670000000013,"failureMessages":[],"meta":{},"tags":[]},{"ancestorTitles":["ExamPicker (T11)"],"fullName":"ExamPicker (T11) falha ao carregar o catálogo não quebra a tela","status":"passed","title":"falha ao carregar o catálogo não quebra a tela","duration":13.505100000000311,"failureMessages":[],"meta":{},"tags":[]}],"startTime":1789407247277,"endTime":1789407248679.5051,"status":"passed","message":"","name":"C:/Users/luizf/Desktop/anamnes.ia-Simulados/anamnes.ia-Simulados/frontend/anamnes-ia/src/features/case/components/ExamPicker.test.tsx"},{"assertionResults":[{"ancestorTitles":["ExamViewer (T12)"],"fullName":"ExamViewer (T12) T12.1 — o botão só aparece quando o caso tem exames","status":"passed","title":"T12.1 — o botão só aparece quando o caso tem exames","duration":30.755199999999604,"failureMessages":[],"meta":{},"tags":[]},{"ancestorTitles":["ExamViewer (T12)"],"fullName":"ExamViewer (T12) T12.1 — com exames, o botão aparece","status":"passed","title":"T12.1 — com exames, o botão aparece","duration":183.15339999999924,"failureMessages":[],"meta":{},"tags":[]},{"ancestorTitles":["ExamViewer (T12)"],"fullName":"ExamViewer (T12) T12.2 — abrir mostra um item por exame, com rótulo neutro numerado","status":"passed","title":"T12.2 — abrir mostra um item por exame, com rótulo neutro numerado","duration":155.9457999999995,"failureMessages":[],"meta":{},"tags":[]},{"ancestorTitles":["ExamViewer (T12)"],"fullName":"ExamViewer (T12) T12.3 — o DOM renderizado não contém o diagnóstico","status":"passed","title":"T12.3 — o DOM renderizado não contém o diagnóstico","duration":102.42519999999968,"failureMessages":[],"meta":{},"tags":[]},{"ancestorTitles":["ExamViewer (T12)"],"fullName":"ExamViewer (T12) T12.4 — asset com credits renderiza a atribuição","status":"passed","title":"T12.4 — asset com credits renderiza a atribuição","duration":105.60670000000027,"failureMessages":[],"meta":{},"tags":[]},{"ancestorTitles":["ExamViewer (T12)"],"fullName":"ExamViewer (T12) T12.5 — o alt da imagem é o rótulo neutro, nunca o diagnóstico","status":"passed","title":"T12.5 — o alt da imagem é o rótulo neutro, nunca o diagnóstico","duration":92.03920000000016,"failureMessages":[],"meta":{},"tags":[]},{"ancestorTitles":["ExamViewer (T12)"],"fullName":"ExamViewer (T12) T12.6 — exame de áudio vira player, não imagem quebrada","status":"passed","title":"T12.6 — exame de áudio vira player, não imagem quebrada","duration":73.89800000000014,"failureMessages":[],"meta":{},"tags":[]},{"ancestorTitles":["ExamViewer (T12)"],"fullName":"ExamViewer (T12) T12.7 — o aria-label do player é o rótulo neutro, nunca o diagnóstico","status":"passed","title":"T12.7 — o aria-label do player é o rótulo neutro, nunca o diagnóstico","duration":59.14879999999994,"failureMessages":[],"meta":{},"tags":[]},{"ancestorTitles":["ExamViewer (T12)"],"fullName":"ExamViewer (T12) T12.8 — dois exames indistinguíveis renderizam os dois (chave por posição)","status":"passed","title":"T12.8 — dois exames indistinguíveis renderizam os dois (chave por posição)","duration":69.53040000000055,"failureMessages":[],"meta":{},"tags":[]},{"ancestorTitles":["ExamViewer (T12)"],"fullName":"ExamViewer (T12) modalidade desconhecida cai no rótulo genérico","status":"passed","title":"modalidade desconhecida cai no rótulo genérico","duration":98.51089999999931,"failureMessages":[],"meta":{},"tags":[]},{"ancestorTitles":["ExamViewer (T12)"],"fullName":"ExamViewer (T12) o modal é montado no body, fora da árvore do componente (portal)","status":"passed","title":"o modal é montado no body, fora da árvore do componente (portal)","duration":83.76380000000063,"failureMessages":[],"meta":{},"tags":[]},{"ancestorTitles":["ExamViewer (T12)"],"fullName":"ExamViewer (T12) o modal fica acima do SOAP na ordem de empilhamento","status":"passed","title":"o modal fica acima do SOAP na ordem de empilhamento","duration":119.3740000000007,"failureMessages":[],"meta":{},"tags":[]},{"ancestorTitles":["ExamViewer (T12)"],"fullName":"ExamViewer (T12) Esc fecha o modal","status":"passed","title":"Esc fecha o modal","duration":135.0572999999995,"failureMessages":[],"meta":{},"tags":[]},{"ancestorTitles":["ExamViewer (T12)"],"fullName":"ExamViewer (T12) clicar no fundo fecha o modal, clicar no conteúdo não","status":"passed","title":"clicar no fundo fecha o modal, clicar no conteúdo não","duration":166.8069000000005,"failureMessages":[],"meta":{},"tags":[]},{"ancestorTitles":["ExamViewer (T12)"],"fullName":"ExamViewer (T12) falha ao carregar não mostra botão nem erro na tela","status":"passed","title":"falha ao carregar não mostra botão nem erro na tela","duration":2.931800000000294,"failureMessages":[],"meta":{},"tags":[]}],"startTime":1789407247319,"endTime":1789407248797.932,"status":"passed","message":"","name":"C:/Users/luizf/Desktop/anamnes.ia-Simulados/anamnes.ia-Simulados/frontend/anamnes-ia/src/features/case/components/ExamViewer.test.tsx"},{"assertionResults":[{"ancestorTitles":["examLabel (T9)"],"fullName":"examLabel (T9) T9.1 — modalidade conhecida e exame único não recebe numeração","status":"passed","title":"T9.1 — modalidade conhecida e exame único não recebe numeração","duration":4.4616000000000895,"failureMessages":[],"meta":{},"tags":[]},{"ancestorTitles":["examLabel (T9)"],"fullName":"examLabel (T9) T9.2 — exames repetidos da mesma modalidade são numerados","status":"passed","title":"T9.2 — exames repetidos da mesma modalidade são numerados","duration":1.2820999999999003,"failureMessages":[],"meta":{},"tags":[]},{"ancestorTitles":["examLabel (T9)"],"fullName":"examLabel (T9) T9.3 — modalidades diferentes não ganham numeração","status":"passed","title":"T9.3 — modalidades diferentes não ganham numeração","duration":0.8479000000002088,"failureMessages":[],"meta":{},"tags":[]},{"ancestorTitles":["examLabel (T9)"],"fullName":"examLabel (T9) T9.4 — modalidade desconhecida cai no rótulo genérico","status":"passed","title":"T9.4 — modalidade desconhecida cai no rótulo genérico","duration":0.43689999999969586,"failureMessages":[],"meta":{},"tags":[]},{"ancestorTitles":["examLabel (T9)"],"fullName":"examLabel (T9) T9.4 — modalidade vazia também cai no genérico, sem lançar","status":"passed","title":"T9.4 — modalidade vazia também cai no genérico, sem lançar","duration":0.25010000000020227,"failureMessages":[],"meta":{},"tags":[]},{"ancestorTitles":["examLabel (T9)"],"fullName":"examLabel (T9) T9.5 — o rótulo nunca contém o diagnóstico, mesmo com o campo por engano","status":"passed","title":"T9.5 — o rótulo nunca contém o diagnóstico, mesmo com o campo por engano","duration":0.6231999999999971,"failureMessages":[],"meta":{},"tags":[]},{"ancestorTitles":["examLabel (T9)"],"fullName":"examLabel (T9) resolve nos outros idiomas com a mesma chave","status":"passed","title":"resolve nos outros idiomas com a mesma chave","duration":0.328899999999976,"failureMessages":[],"meta":{},"tags":[]},{"ancestorTitles":["examLabel (T9)"],"fullName":"examLabel (T9) modalityFromLabelKey extrai o slug da chave vinda da API","status":"passed","title":"modalityFromLabelKey extrai o slug da chave vinda da API","duration":0.17619999999988067,"failureMessages":[],"meta":{},"tags":[]},{"ancestorTitles":["filterAssets (T10)"],"fullName":"filterAssets (T10) T10.1 — busca casa em display_name, diagnóstico e tags","status":"passed","title":"T10.1 — busca casa em display_name, diagnóstico e tags","duration":1.3335000000001855,"failureMessages":[],"meta":{},"tags":[]},{"ancestorTitles":["filterAssets (T10)"],"fullName":"filterAssets (T10) T10.2 — busca ignora caixa e acento","status":"passed","title":"T10.2 — busca ignora caixa e acento","duration":0.5059000000001106,"failureMessages":[],"meta":{},"tags":[]},{"ancestorTitles":["filterAssets (T10)"],"fullName":"filterAssets (T10) T10.3 — modalidade e texto combinam em AND","status":"passed","title":"T10.3 — modalidade e texto combinam em AND","duration":0.2779000000000451,"failureMessages":[],"meta":{},"tags":[]},{"ancestorTitles":["filterAssets (T10)"],"fullName":"filterAssets (T10) T10.4 — query vazia devolve tudo que é elegível","status":"passed","title":"T10.4 — query vazia devolve tudo que é elegível","duration":1.051300000000083,"failureMessages":[],"meta":{},"tags":[]},{"ancestorTitles":["filterAssets (T10)"],"fullName":"filterAssets (T10) T10.5 — nunca devolve item inelegível","status":"passed","title":"T10.5 — nunca devolve item inelegível","duration":0.4881000000000313,"failureMessages":[],"meta":{},"tags":[]},{"ancestorTitles":["filterAssets (T10)"],"fullName":"filterAssets (T10) T10.6 — não muta o array de entrada","status":"passed","title":"T10.6 — não muta o array de entrada","duration":0.18269999999984066,"failureMessages":[],"meta":{},"tags":[]},{"ancestorTitles":["filterAssets (T10)"],"fullName":"filterAssets (T10) tolera asset sem tags","status":"passed","title":"tolera asset sem tags","duration":0.19329999999990832,"failureMessages":[],"meta":{},"tags":[]},{"ancestorTitles":["limite de exames por caso"],"fullName":"limite de exames por caso espelha o teto do backend","status":"passed","title":"espelha o teto do backend","duration":0.09929999999985739,"failureMessages":[],"meta":{},"tags":[]}],"startTime":1789407250190,"endTime":1789407250203.1934,"status":"passed","message":"","name":"C:/Users/luizf/Desktop/anamnes.ia-Simulados/anamnes.ia-Simulados/frontend/anamnes-ia/src/features/case/utils/examLabel.test.ts"},{"assertionResults":[{"ancestorTitles":["question export"],"fullName":"question export exporta somente os campos compatíveis co
[...]
cente 78 vs anterior 72 devolve 6","duration":0.3168000000005122,"failureMessages":[],"meta":{},"tags":[]},{"ancestorTitles":["scoreTrend (T2)"],"fullName":"scoreTrend (T2) T2.2: recente 70 vs anterior 74 devolve -4","status":"passed","title":"T2.2: recente 70 vs anterior 74 devolve -4","duration":0.21169999999983702,"failureMessages":[],"meta":{},"tags":[]},{"ancestorTitles":["scoreTrend (T2)"],"fullName":"scoreTrend (T2) T2.3: janela anterior sem nota devolve null (não 0)","status":"passed","title":"T2.3: janela anterior sem nota devolve null (não 0)","duration":0.20780000000013388,"failureMessages":[],"meta":{},"tags":[]},{"ancestorTitles":["scoreTrend (T2)"],"fullName":"scoreTrend (T2) T2.4: janela recente sem nota devolve null","status":"passed","title":"T2.4: janela recente sem nota devolve null","duration":0.13909999999941647,"failureMessages":[],"meta":{},"tags":[]},{"ancestorTitles":["scoreTrend (T2)"],"fullName":"scoreTrend (T2) T2.5: empate exato devolve 0 — valor válido, distinto de null (P2)","status":"passed","title":"T2.5: empate exato devolve 0 — valor válido, distinto de null (P2)","duration":0.26749999999992724,"failureMessages":[],"meta":{},"tags":[]},{"ancestorTitles":["scoreTrend (T2)"],"fullName":"scoreTrend (T2) T2.6: arredonda meio para cima — 78.5 − 72 devolve 7","status":"passed","title":"T2.6: arredonda meio para cima — 78.5 − 72 devolve 7","duration":0.16219999999975698,"failureMessages":[],"meta":{},"tags":[]},{"ancestorTitles":["scoreTrend (T2)"],"fullName":"scoreTrend (T2) T2.7: ignora apenas score null; chat IA com nota conta (P1)","status":"passed","title":"T2.7: ignora apenas score null; chat IA com nota conta (P1)","duration":0.14940000000024156,"failureMessages":[],"meta":{},"tags":[]},{"ancestorTitles":["studyStreak (T3)"],"fullName":"studyStreak (T3) T3.1: tentativas em 10, 11 e 12/08 devolvem current 3","status":"passed","title":"T3.1: tentativas em 10, 11 e 12/08 devolvem current 3","duration":0.69170000000031,"failureMessages":[],"meta":{},"tags":[]},{"ancestorTitles":["studyStreak (T3)"],"fullName":"studyStreak (T3) T3.2: sem tentativa hoje a sequência não quebra — current 2","status":"passed","title":"T3.2: sem tentativa hoje a sequência não quebra — current 2","duration":0.15499999999974534,"failureMessages":[],"meta":{},"tags":[]},{"ancestorTitles":["studyStreak (T3)"],"fullName":"studyStreak (T3) T3.3: última tentativa anteontem devolve current 0","status":"passed","title":"T3.3: última tentativa anteontem devolve current 0","duration":0.09049999999933789,"failureMessages":[],"meta":{},"tags":[]},{"ancestorTitles":["studyStreak (T3)"],"fullName":"studyStreak (T3) T3.4: duas tentativas no mesmo dia contam 1","status":"passed","title":"T3.4: duas tentativas no mesmo dia contam 1","duration":0.11480000000028667,"failureMessages":[],"meta":{},"tags":[]},{"ancestorTitles":["studyStreak (T3)"],"fullName":"studyStreak (T3) T3.5: best olha o histórico inteiro — current 3, best 11","status":"passed","title":"T3.5: best olha o histórico inteiro — current 3, best 11","duration":1.0069000000003143,"failureMessages":[],"meta":{},"tags":[]},{"ancestorTitles":["studyStreak (T3)"],"fullName":"studyStreak (T3) T3.6: week tem 7 booleanos com índice 0 = segunda","status":"passed","title":"T3.6: week tem 7 booleanos com índice 0 = segunda","duration":0.5290000000004511,"failureMessages":[],"meta":{},"tags":[]},{"ancestorTitles":["studyStreak (T3)"],"fullName":"studyStreak (T3) T3.7: histórico vazio devolve o zero do tipo","status":"passed","title":"T3.7: histórico vazio devolve o zero do tipo","duration":0.3819999999996071,"failureMessages":[],"meta":{},"tags":[]},{"ancestorTitles":["studyStreak (T3)"],"fullName":"studyStreak (T3) T3.8: 23:30 de ontem e 00:30 de hoje contam 2 dias (limite civil)","status":"passed","title":"T3.8: 23:30 de ontem e 00:30 de hoje contam 2 dias (limite civil)","duration":0.2062000000005355,"failureMessages":[],"meta":{},"tags":[]},{"ancestorTitles":["weeklyGoalProgress (T4)"],"fullName":"weeklyGoalProgress (T4) T4.1: 3 concluídas na semana devolvem 60%","status":"passed","title":"T4.1: 3 concluídas na semana devolvem 60%","duration":0.3253000000004249,"failureMessages":[],"meta":{},"tags":[]},{"ancestorTitles":["weeklyGoalProgress (T4)"],"fullName":"weeklyGoalProgress (T4) T4.2: nenhuma concluída devolve 0%","status":"passed","title":"T4.2: nenhuma concluída devolve 0%","duration":0.16709999999966385,"failureMessages":[],"meta":{},"tags":[]},{"ancestorTitles":["weeklyGoalProgress (T4)"],"fullName":"weeklyGoalProgress (T4) T4.3: 7 concluídas — done mostra o real, pct satura em 100","status":"passed","title":"T4.3: 7 concluídas — done mostra o real, pct satura em 100","duration":0.2955000000001746,"failureMessages":[],"meta":{},"tags":[]},{"ancestorTitles":["weeklyGoalProgress (T4)"],"fullName":"weeklyGoalProgress (T4) T4.4: só status completed conta","status":"passed","title":"T4.4: só status completed conta","duration":0.3754000000008091,"failureMessages":[],"meta":{},"tags":[]},{"ancestorTitles":["specialtyMastery (T5)"],"fullName":"specialtyMastery (T5) T5.1: ordena por average_score crescente (o fraco primeiro)","status":"passed","title":"T5.1: ordena por average_score crescente (o fraco primeiro)","duration":0.37989999999990687,"failureMessages":[],"meta":{},"tags":[]},{"ancestorTitles":["specialtyMastery (T5)"],"fullName":"specialtyMastery (T5) T5.2: descarta especialidade sem tentativa","status":"passed","title":"T5.2: descarta especialidade sem tentativa","duration":0.1657999999997628,"failureMessages":[],"meta":{},"tags":[]},{"ancestorTitles":["specialtyMastery (T5)"],"fullName":"specialtyMastery (T5) T5.2b: descarta a sentinela average_score 0 com tentativas (P5)","status":"passed","title":"T5.2b: descarta a sentinela average_score 0 com tentativas (P5)","duration":0.14949999999953434,"failureMessages":[],"meta":{},"tags":[]},{"ancestorTitles":["specialtyMastery (T5)"],"fullName":"specialtyMastery (T5) T5.2c: nota real 1 aparece — o corte é exatamente em 0","status":"passed","title":"T5.2c: nota real 1 aparece — o corte é exatamente em 0","duration":0.14649999999983265,"failureMessages":[],"meta":{},"tags":[]},{"ancestorTitles":["specialtyMastery (T5)"],"fullName":"specialtyMastery (T5) T5.3: corta em 5 linhas com 14 especialidades","status":"passed","title":"T5.3: corta em 5 linhas com 14 especialidades","duration":0.8589999999994689,"failureMessages":[],"meta":{},"tags":[]},{"ancestorTitles":["specialtyMastery (T5)"],"fullName":"specialtyMastery (T5) T5.4: faixas 59 low, 60 mid, 79 mid, 80 high","status":"passed","title":"T5.4: faixas 59 low, 60 mid, 79 mid, 80 high","duration":0.2584999999999127,"failureMessages":[],"meta":{},"tags":[]},{"ancestorTitles":["specialtyMastery (T5)"],"fullName":"specialtyMastery (T5) T5.5: devolve a key da especialidade, não o rótulo traduzido","status":"passed","title":"T5.5: devolve a key da especialidade, não o rótulo traduzido","duration":0.13429999999971187,"failureMessages":[],"meta":{},"tags":[]},{"ancestorTitles":["specialtyMastery (T5)"],"fullName":"specialtyMastery (T5) T5.6: lista vazia devolve []","status":"passed","title":"T5.6: lista vazia devolve []","duration":0.12089999999989232,"failureMessages":[],"meta":{},"tags":[]},{"ancestorTitles":["soapDimensions (T8)"],"fullName":"soapDimensions (T8) T8.1: devolve as 4 dimensões na ordem canônica S/O/A/P","status":"passed","title":"T8.1: devolve as 4 dimensões na ordem canônica S/O/A/P","duration":0.2267999999994572,"failureMessages":[],"meta":{},"tags":[]},{"ancestorTitles":["soapDimensions (T8)"],"fullName":"soapDimensions (T8) T8.2: com menos de 3 tentativas avaliadas não renderiza nada","status":"passed","title":"T8.2: com menos de 3 tentativas avaliadas não renderiza nada","duration":0.23000000000047294,"failureMessages":[],"meta":{},"tags":[]},{"ancestorTitles":["soapDimensions (T8)"],"fullName":"soapDimensions (T8) T8.3: null/undefined (backend antigo ou aluno sem breakdown) devolve []","status":"passed","title":"T8.3: null/undefined (backend antigo ou aluno sem breakdown) devolve []","duration":0.13289999999960855,"failureMessages":[],"meta":{},"tags":[]},{"ancestorTitles":["soapDimensions (T8)"],"fullName":"soapDimensions (T8) T8.4: faixas de cor iguais às do domínio — 59 low, 60 mid, 79 mid, 80 high","status":"passed","title":"T8.4: faixas de cor iguais às do domínio — 59 low, 60 mid, 79 mid, 80 high","duration":0.18740000000070722,"failureMessages":[],"meta":{},"tags":[]},{"ancestorTitles":["soapDimensions (T8)"],"fullName":"soapDimensions (T8) T8.5: arredonda a média decimal que vem do backend","status":"passed","title":"T8.5: arredonda a média decimal que vem do backend","duration":0.15350000000034925,"failureMessages":[],"meta":{},"tags":[]},{"ancestorTitles":["soapDimensions (T8)"],"fullName":"soapDimensions (T8) T8.6: não muta a entrada (R2)","status":"passed","title":"T8.6: não muta a entrada (R2)","duration":0.11939999999958673,"failureMessages":[],"meta":{},"tags":[]},{"ancestorTitles":["buildRecommendations — motor weak (T6.1–T6.4)"],"fullName":"buildRecommendations — motor weak (T6.1–T6.4) T6.1: a especialidade mais fraca com ≥3 tentativas vira o 1º card","status":"passed","title":"T6.1: a especialidade mais fraca com ≥3 tentativas vira o 1º card","duration":0.8387000000002445,"failureMessages":[],"meta":{},"tags":[]},{"ancestorTitles":["buildRecommendations — motor weak (T6.1–T6.4)"],"fullName":"buildRecommendations — motor weak (T6.1–T6.4) T6.2: pula a pior com amostra insuficiente e promove a próxima elegível (P3)","status":"passed","title":"T6.2: pula a pior com amostra insuficiente e promove a próxima elegível (P3)","duration":0.338699999999335,"failureMessages":[],"meta":{},"tags":[]},{"ancestorTitles":["buildRecommendations — motor weak (T6.1–T6.4)"],"fullName":"buildRecommendations — motor weak (T6.1–T6.4) T6.2b: três inelegíveis na frente — o card é a elegível e a copy usa o número dela","status":"passed","title":"T6.2b: três inelegíveis na frente — o card é a elegível e a copy usa o número dela","duration":0.2577999999994063,"failureMessages":[],"meta":{},"tags":[]},{"ancestorTitles":["buildRecommendations — motor weak (T6.1–T6.4)"],"fullName":"buildRecommendations — motor weak (T6.1–T6.4) T6.2c: a sentinela average_score 0 não é candidata nem com ≥3 tentativas (P5)","status":"passed","title":"T6.2c: a sentinela average_score 0 não é candidata nem com ≥3 tentativas (P5)","duration":0.2782999999999447,"failureMessages":[],"meta":{},"tags":[]},{"ancestorTitles":["buildRecommendations — motor weak (T6.1–T6.4)"],"fullName":"buildRecommendations — motor weak (T6.1–T6.4) T6.3: empate de nota desempata por mais tentativas","status":"passed","title":"T6.3: empate de nota desempata por mais tentativas","duration":0.2316000000000713,"failureMessages":[],"meta":{},"tags":[]},{"ancestorTitles":["buildRecommendations — motor weak (T6.1–T6.4)"],"fullName":"buildRecommendations — motor weak (T6.1–T6.4) T6.3b: empate de nota e de tentativas desempata pela key em ordem alfabética","status":"passed","title":"T6.3b: empate de nota e de tentativas desempata pela key em ordem alfabética","duration":17.07459999999992,"failureMessages":[],"meta":{},"tags":[]},{"ancestorTitles":["buildRecommendations — motor weak (T6.1–T6.4)"],"fullName":"buildRecommendations — motor weak (T6.1–T6.4) T6.4: nenhuma especialidade com ≥3 tentativas não gera card weak","status":"passed","title":"T6.4: nenhuma especialidade com ≥3 tentativas não gera card weak","duration":0.8945999999996275,"failureMessages":[],"meta":{},"tags":[]},{"ancestorTitles":["buildRecommendations — motor stale (T6.5–T6.8)"],"fullName":"buildRecommendations — motor stale (T6.5–T6.8) T6.5: especialidade parada há 6 dias vira card stale","status":"passed","title":"T6.5: especialidade parada há 6 dias vira card stale","duration":0.368399999999383,"failureMessages":[],"meta":{},"tags":[]},{"ancestorTitles":["buildRecommendations — motor stale (T6.5–T6.8)"],"fullName":"buildRecommendations — motor stale (T6.5–T6.8) T6.6: parada há 4 dias não dispara — o limiar é ≥5","status":"passed","title":"T6.6: parada há 4 dias não dispara — o limiar é ≥5","duration":0.18919999999980064,"failureMessages":[],"meta":{},"tags":[]},{"ancestorTitles":["buildRecommendations — motor stale (T6.5–T6.8)"],"fullName":"buildRecommendations — motor stale (T6.5–T6.8) T6.7: a mais parada sendo a escolhida pelo weak, stale pega a próxima","status":"passed","title":"T6.7: a mais parada sendo a escolhida pelo weak, stale pega a próxima","duration":0.27999999999974534,"failureMessages":[],"meta":{},"tags":[]},{"ancestorTitles":["buildRecommendations — motor stale (T6.5–T6.8)"],"fullName":"buildRecommendations — motor stale (T6.5–T6.8) T6.7b: não havendo outra especialidade parada, o motor stale não dispara","status":"passed","title":"T6.7b: não havendo outra especialidade parada, o motor stale não dispara","duration":0.18940000000020518,"failureMessages":[],"meta":{},"tags":[]},{"ancestorTitles":["buildRecommendations — motor stale (T6.5–T6.8)"],"fullName":"buildRecommendations — motor stale (T6.5–T6.8) T6.8: especialidade nunca praticada não é \"parada\"","status":"passed","title":"T6.8: especialidade nunca praticada não é \"parada\"","duration":0.10800000000017462,"failureMessages":[],"meta":{},"tags":[]},{"ancestorTitles":["buildRecommendations — motor class (T6.9–T6.11b)"],"fullName":"buildRecommendations — motor class (T6.9–T6.11b) T6.9: caso de turma nunca tentado vira card class","status":"passed","title":"T6.9: caso de turma nunca tentado vira card class","duration":0.20449999999982538,"failureMessages":[],"meta":{},"tags":[]},{"ancestorTitles":["buildRecommendations — motor class (T6.9–T6.11b)"],"fullName":"buildRecommendations — motor class (T6.9–T6.11b) T6.10: caso já tentado é excluído, inclusive com last_status in_progress","status":"passed","title":"T6.10: caso já tentado é excluído, inclusive com last_status in_progress","duration":0.11309999999957654,"failureMessages":[],"meta":{},"tags":[]},{"ancestorTitles":["buildRecommendations — motor class (T6.9–T6.11b)"],"fullName":"buildRecommendations — motor class (T6.9–T6.11b) T6.11: entre elegíveis, prazo mais próximo primeiro; sem prazo vai para o fim","status":"passed","title":"T6.11: entre elegíveis, prazo mais próximo primeiro; sem prazo vai para o fim","duration":0.19989999999961583,"failureMessages":[],"meta":{},"tags":[]},{"ancestorTitles":["buildRecommendations — motor class (T6.9–T6.11b)"],"fullName":"buildRecommendations — motor class (T6.9–T6.11b) T6.11b: caso com prazo vencido é excluído","status":"passed","title":"T6.11b: caso com prazo vencido é excluído","duration":0.15829999999914435,"failureMessages":[],"meta":{},"tags":[]},{"ancestorTitles":["buildRecommendations — motor streak (T6.12–T6.15)"],"fullName":"buildRecommendations — motor streak (T6.12–T6.15) T6.12: sequência viva e nenhuma tentativa hoje geram card streak","status":"passed","title":"T6.12: sequência viva e nenhuma tentativa hoje geram card streak","duration":0.24529999999958818,"failureMessages":[],"meta":{},"tags":[]},{"ancestorTitles":["buildRecommendations — motor streak (T6.12–T6.15)"],"fullName":"buildRecommendations — motor streak (T6.12–T6.15) T6.13: já houve tentativa hoje — não dispara","status":"passed","title":"T6.13: já houve tentativa hoje — não dispara","duration":0.17300000000068394,"failureMessages":[],"meta":{},"tags":[]},{"ancestorTitles":["buildRecommendations — motor streak (T6.12–T6.15)"],"fullName":"buildRecommendations — motor streak (T6.12–T6.15) T6.14: sequência zerada — não dispara","status":"passed","title":"T6.14: sequência zerada — não dispara","duration":0.2818999999999505,"failureMessages":[],"meta":{},"tags":[]},{"ancestorTitles":["buildRecommendations — motor streak (T6.12–T6.15)"],"fullName":"buildRecommendations — motor streak (T6.12–T6.15) T6.15: sem caso básico disponível não rebaixa para outro nível","status":"passed","title":"T6.15: sem caso básico disponível não rebaixa para outro nível","duration":0.2548000000006141,"failureMessages":[],"meta":{},"tags":[]},{"ancestorTitles":["buildRecommendations — transversais (T6.16–T6.21)"],"fullName":"buildRecommendations — transversais (T6.16–T6.21) T6.16: aluno zerado devolve [] (o componente mostra o empty state)","status":"passed","title":"T6.16: aluno zerado devolve [] (o componente mostra o empty state)","duration":0.12659999999959837,"failureMessages":[],"meta":{},"tags":[]},{"ancestorTitles":["buildRecommendations — transversais (T6.16–T6.21)"],"fullName":"buildRecommendations — transversais (T6.16–T6.21) T6.17: o mesmo caseId nunca aparece em dois cards","status":"passed","title":"T6.17: o mesmo caseId nunca aparece em dois cards","duration":0.30929999999989377,"failureMessages":[],"meta":{},"tags":[]},{"ancestorTitles":["buildRecommendations — transversais (T6.16–T6.21)"],"fullName":"buildRecommendations — transversais (T6.16–T6.21) T6.18: com todos os motores disparando são 4 cards na ordem weak, stale, class, streak","status":"passed","title":"T6.18: com todos os motores disparando são 4 cards na ordem weak, stale, class, streak","duration":0.3827000000001135,"failureMessages":[],"meta":{},"tags":[]},{"ancestorTitles":["buildRecommendations — transversais (T6.16–T6.21)"],"fullName":"buildRecommendations — transversais (T6.16–T6.21) T6.19: dentro da especialidade prefere o caso ainda não tentado","status":"passed","title":"T6.19: dentro da especialidade prefere o caso ainda não tentado","duration":0.2250000000003638,"failureMessages":[],"meta":{},"tags":[]},{"ancestorTitles":["buildRecommendations — transversais (T6.16–T6.21)"],"fullName":"buildRecommendations — transversais (T6.16–T6.21) T6.19b: todos já tentados — usa o de tentativa mais antiga","status":"passed","title":"T6.19b: todos já tentados — usa o de tentativa mais antiga","duration":0.2448999999996886,"failureMessages":[],"meta":{},"tags":[]},{"ancestorTitles":["buildRecommendations — transversais (T6.16–T6.21)"],"fullName":"buildRecommendations — transversais (T6.16–T6.21) T6.20: reasonKey é chave i18n home.reco.*, nunca texto pronto (R5)","status":"passed","title":"T6.20: reasonKey é chave i18n home.reco.*, nunca texto pronto (R5)","duration":0.5716000000002168,"failureMessages":[],"meta":{},"tags":[]},{"ancestorTitles":["buildRecommendations — transversais (T6.16–T6.21)"],"fullName":"buildRecommendations — transversais (T6.16–T6.21) T6.21: não muta a entrada (R2)","status":"passed","title":"T6.21: não muta a entrada (R2)","duration":1.1586999999999534,"failureMessages":[],"meta":{},"tags":[]}],"startTime":1789407246863,"endTime":1789407246903.1587,"status":"passed","message":"","name":"C:/Users/luizf/Desktop/anamnes.ia-Simulados/anamnes.ia-Simulados/frontend/anamnes-ia/src/features/student/utils/studyPlan.test.ts"},{"assertionResults":[{"ancestorTitles":["SummaryCard training CTA"],"fullName":"SummaryCard training CTA preserva o texto e chama onTrain para especialidade fraca","status":"passed","title":"preserva o texto e chama onTrain para especialidade fraca","duration":265.65999999999985,"failureMessages":[],"meta":{},"tags":[]},{"ancestorTitles":["SummaryCard training CTA"],"fullName":"SummaryCard training CTA não renderiza CTA sem especialidade fraca","status":"passed","title":"não renderiza CTA sem especialidade fraca","duration":6.688100000000304,"failureMessages":[],"meta":{},"tags":[]},{"ancestorTitles":["SummaryCard training CTA"],"fullName":"SummaryCard training CTA mantém resumo visível enquanto recomendação ainda está carregando","status":"passed","title":"mantém resumo visível enquanto recomendação ainda está carregando","duration":5.9254000000000815,"failureMessages":[],"meta":{},"tags":[]}],"startTime":1789407247460,"endTime":1789407247737.9253,"status":"passed","message":"","name":"C:/Users/luizf/Desktop/anamnes.ia-Simulados/anamnes.ia-Simulados/frontend/anamnes-ia/src/features/student/components/home/SummaryCard.test.tsx"}]}